Log file open, 04/05/22 16:41:12
LogWindows: Failed to load 'aqProf.dll' (GetLastError=126)
LogWindows: File 'aqProf.dll' does not exist
LogWindows: Failed to load 'VtuneApi.dll' (GetLastError=126)
LogWindows: File 'VtuneApi.dll' does not exist
LogWindows: Failed to load 'VtuneApi32e.dll' (GetLastError=126)
LogWindows: File 'VtuneApi32e.dll' does not exist
LogConsoleResponse: Display: Failed to find resolution value strings in scalability ini. Falling back to default.
LogConsoleResponse: Display: Failed to find resolution value strings in scalability ini. Falling back to default.
LogInit: Display: Running engine for game: CrazyKamikaze
LogPlatformFile: Not using cached read wrapper
LogTaskGraph: Started task graph with 5 named threads and 47 total threads with 3 sets of task threads.
LogStats: Stats thread started at 0.275007
LogICUInternationalization: ICU TimeZone Detection - Raw Offset: +1:00, Platform Override: ''
LogInit: Display: Loading text-based GConfig....
LogPluginManager: Mounting plugin MeshPainting
LogPluginManager: Mounting plugin XGEController
LogPluginManager: Mounting plugin EnvironmentQueryEditor
LogPluginManager: Mounting plugin Paper2D
LogPluginManager: Mounting plugin AISupport
LogPluginManager: Mounting plugin LightPropagationVolume
LogPluginManager: Mounting plugin GameplayCameras
LogPluginManager: Mounting plugin OodleNetwork
LogPluginManager: Mounting plugin OodleData
LogPluginManager: Mounting plugin CameraShakePreviewer
LogPluginManager: Mounting plugin AssetManagerEditor
LogPluginManager: Mounting plugin DataValidation
LogPluginManager: Mounting plugin FacialAnimation
LogPluginManager: Mounting plugin GameplayTagsEditor
LogPluginManager: Mounting plugin MacGraphicsSwitching
LogPluginManager: Mounting plugin CryptoKeys
LogPluginManager: Mounting plugin GeometryMode
LogPluginManager: Mounting plugin PluginBrowser
LogPluginManager: Mounting plugin SpeedTreeImporter
LogPluginManager: Mounting plugin MobileLauncherProfileWizard
LogPluginManager: Mounting plugin MaterialAnalyzer
LogPluginManager: Mounting plugin CurveEditorTools
LogPluginManager: Mounting plugin AutomationUtils
LogPluginManager: Mounting plugin AlembicImporter
LogPluginManager: Mounting plugin BackChannel
LogPluginManager: Mounting plugin ChaosClothEditor
LogPluginManager: Mounting plugin ChaosCloth
LogPluginManager: Mounting plugin ChaosSolverPlugin
LogPluginManager: Mounting plugin ChaosNiagara
LogPluginManager: Mounting plugin CharacterAI
LogPluginManager: Mounting plugin ChaosEditor
LogPluginManager: Mounting plugin GeometryCache
LogPluginManager: Mounting plugin GeometryCollectionPlugin
LogPluginManager: Mounting plugin GeometryProcessing
LogPluginManager: Mounting plugin DatasmithContent
LogPluginManager: Mounting plugin PlanarCut
LogPluginManager: Mounting plugin MotoSynth
LogPluginManager: Mounting plugin PlatformCrypto
LogPluginManager: Mounting plugin VariantManagerContent
LogPluginManager: Mounting plugin ProxyLODPlugin
LogPluginManager: Mounting plugin OpenImageDenoise
LogPluginManager: Mounting plugin SkeletalReduction
LogPluginManager: Mounting plugin PythonScriptPlugin
LogPluginManager: Mounting plugin CodeLiteSourceCodeAccess
LogPluginManager: Mounting plugin AnimationSharing
LogPluginManager: Mounting plugin KDevelopSourceCodeAccess
LogPluginManager: Mounting plugin CLionSourceCodeAccess
LogPluginManager: Mounting plugin GitSourceControl
LogPluginManager: Mounting plugin PerforceSourceControl
LogPluginManager: Mounting plugin NullSourceCodeAccess
LogPluginManager: Mounting plugin PropertyAccessNode
LogPluginManager: Mounting plugin PixWinPlugin
LogPluginManager: Mounting plugin SubversionSourceControl
LogPluginManager: Mounting plugin PlasticSourceControl
LogPluginManager: Mounting plugin PluginUtils
LogPluginManager: Mounting plugin RiderSourceCodeAccess
LogPluginManager: Mounting plugin TextureFormatOodle
LogPluginManager: Mounting plugin VisualStudioSourceCodeAccess
LogPluginManager: Mounting plugin VisualStudioCodeSourceCodeAccess
LogPluginManager: Mounting plugin UObjectPlugin
LogPluginManager: Mounting plugin XCodeSourceCodeAccess
LogPluginManager: Mounting plugin LuminPlatformFeatures
LogPluginManager: Mounting plugin Niagara
LogPluginManager: Mounting plugin MagicLeap
LogPluginManager: Mounting plugin MagicLeapLightEstimation
LogPluginManager: Mounting plugin MagicLeapMedia
LogPluginManager: Mounting plugin MagicLeapPassableWorld
LogPluginManager: Mounting plugin MLSDK
LogPluginManager: Mounting plugin AndroidMedia
LogPluginManager: Mounting plugin AvfMedia
LogPluginManager: Mounting plugin ImgMedia
LogPluginManager: Mounting plugin MediaCompositing
LogPluginManager: Mounting plugin MediaPlayerEditor
LogPluginManager: Mounting plugin WebMMedia
LogPluginManager: Mounting plugin WmfMedia
LogPluginManager: Mounting plugin UdpMessaging
LogPluginManager: Mounting plugin TcpMessaging
LogPluginManager: Mounting plugin LevelSequenceEditor
LogPluginManager: Mounting plugin ActorSequence
LogPluginManager: Mounting plugin MatineeToLevelSequence
LogPluginManager: Mounting plugin TemplateSequence
LogPluginManager: Mounting plugin OnlineSubsystem
LogPluginManager: Mounting plugin OnlineSubsystemNull
LogPluginManager: Mounting plugin OnlineSubsystemUtils
LogPluginManager: Mounting plugin LauncherChunkInstaller
LogPluginManager: Mounting plugin ActorLayerUtilities
LogPluginManager: Mounting plugin AndroidMoviePlayer
LogPluginManager: Mounting plugin AndroidDeviceProfileSelector
LogPluginManager: Mounting plugin AndroidPermission
LogPluginManager: Mounting plugin AudioCapture
LogPluginManager: Mounting plugin AssetTags
LogPluginManager: Mounting plugin AppleMoviePlayer
LogPluginManager: Mounting plugin AppleImageUtils
LogPluginManager: Mounting plugin AudioSynesthesia
LogPluginManager: Mounting plugin CableComponent
LogPluginManager: Mounting plugin CustomMeshComponent
LogPluginManager: Mounting plugin ChunkDownloader
LogPluginManager: Mounting plugin ArchVisCharacter
LogPluginManager: Mounting plugin EditableMesh
LogPluginManager: Mounting plugin ExampleDeviceProfileSelector
LogPluginManager: Mounting plugin GoogleCloudMessaging
LogPluginManager: Mounting plugin GooglePAD
LogPluginManager: Mounting plugin IOSDeviceProfileSelector
LogPluginManager: Mounting plugin LinuxDeviceProfileSelector
LogPluginManager: Mounting plugin LocationServicesBPLibrary
LogPluginManager: Mounting plugin MobilePatchingUtils
LogPluginManager: Mounting plugin OpenXRHandTracking
LogPluginManager: Mounting plugin OpenXR
LogPluginManager: Mounting plugin OpenXREyeTracker
LogPluginManager: Mounting plugin PhysXVehicles
LogPluginManager: Mounting plugin PostSplashScreen
LogPluginManager: Mounting plugin ProceduralMeshComponent
LogPluginManager: Mounting plugin PropertyAccessEditor
LogPluginManager: Mounting plugin RuntimePhysXCooking
LogPluginManager: Mounting plugin SoundFields
LogPluginManager: Mounting plugin SignificanceManager
LogPluginManager: Mounting plugin Synthesis
LogPluginManager: Mounting plugin WebMMoviePlayer
LogPluginManager: Mounting plugin WindowsMoviePlayer
LogPluginManager: Mounting plugin Takes
LogPluginManager: Mounting plugin ScreenshotTools
LogPluginManager: Mounting plugin LiveLink
LogPluginManager: Mounting plugin ContentBrowserClassDataSource
LogPluginManager: Mounting plugin ContentBrowserAssetDataSource
LogPluginManager: Mounting plugin ContentBrowserFileDataSource
LogPluginManager: Mounting plugin OnlineSubsystemGooglePlay
LogPluginManager: Mounting plugin OnlineSubsystemIOS
LogPluginManager: Mounting plugin OculusVR
LogPluginManager: Mounting plugin SteamVR
PixWinPlugin: PIX capture plugin failed to initialize! Check that the process is launched from PIX.
LogInit: Using libcurl 7.55.1-DEV
LogInit:  - built for x86_64-pc-win32
LogInit:  - supports SSL with OpenSSL/1.1.1
LogInit:  - supports HTTP deflate (compression) using libz 1.2.8
LogInit:  - other features:
LogInit:      CURL_VERSION_SSL
LogInit:      CURL_VERSION_LIBZ
LogInit:      CURL_VERSION_IPV6
LogInit:      CURL_VERSION_ASYNCHDNS
LogInit:      CURL_VERSION_LARGEFILE
LogInit:      CURL_VERSION_IDN
LogInit:  CurlRequestOptions (configurable via config and command line):
LogInit:  - bVerifyPeer = true  - Libcurl will verify peer certificate
LogInit:  - bUseHttpProxy = false  - Libcurl will NOT use HTTP proxy
LogInit:  - bDontReuseConnections = false  - Libcurl will reuse connections
LogInit:  - MaxHostConnections = 16  - Libcurl will limit the number of connections to a host
LogInit:  - LocalHostAddr = Default
LogInit:  - BufferSize = 65536
LogOnline: OSS: Creating online subsystem instance for: NULL
LogInit: WinSock: version 1.1 (2.2), MaxSocks=32767, MaxUdp=65467
LogOnline: OSS: TryLoadSubsystemAndSetDefault: Loaded subsystem for module [NULL]
LogOculusPluginWrapper: OculusPlugin initialized successfully
LogHMD: Failed initializing OVRPlugin 1.59.0
LogInit: Build: ++UE4+Release-4.27-CL-18319896
LogInit: Engine Version: 4.27.2-18319896+++UE4+Release-4.27
LogInit: Compatible Engine Version: 4.27.0-17155196+++UE4+Release-4.27
LogInit: Net CL: 17155196
LogInit: OS: Windows 10 (Release 2009) (), CPU: AMD Ryzen 7 4800H with Radeon Graphics         , GPU: AMD Radeon(TM) Graphics
LogInit: Compiled (64-bit): Nov 30 2021 07:12:08
LogInit: Compiled with Visual C++: 19.24.28315.00
LogInit: Build Configuration: Development
LogInit: Branch Name: ++UE4+Release-4.27
LogInit: Command Line:  -EpicPortal -epicusername="Patate Douce-16" -epicuserid=781d1c0028304b6786704236c0016b28 -epiclocale=fr -epicsandboxid=ue
LogInit: Base Directory: D:/unreal/UE_4.27/Engine/Binaries/Win64/
LogInit: Allocator: TBB
LogInit: Installed Engine Build: 1
LogDevObjectVersion: Number of dev versions registered: 29
LogDevObjectVersion:   Dev-Blueprints (B0D832E4-1F89-4F0D-ACCF-7EB736FD4AA2): 10
LogDevObjectVersion:   Dev-Build (E1C64328-A22C-4D53-A36C-8E866417BD8C): 0
LogDevObjectVersion:   Dev-Core (375EC13C-06E4-48FB-B500-84F0262A717E): 4
LogDevObjectVersion:   Dev-Editor (E4B068ED-F494-42E9-A231-DA0B2E46BB41): 40
LogDevObjectVersion:   Dev-Framework (CFFC743F-43B0-4480-9391-14DF171D2073): 37
LogDevObjectVersion:   Dev-Mobile (B02B49B5-BB20-44E9-A304-32B752E40360): 3
LogDevObjectVersion:   Dev-Networking (A4E4105C-59A1-49B5-A7C5-40C4547EDFEE): 0
LogDevObjectVersion:   Dev-Online (39C831C9-5AE6-47DC-9A44-9C173E1C8E7C): 0
LogDevObjectVersion:   Dev-Physics (78F01B33-EBEA-4F98-B9B4-84EACCB95AA2): 14
LogDevObjectVersion:   Dev-Platform (6631380F-2D4D-43E0-8009-CF276956A95A): 0
LogDevObjectVersion:   Dev-Rendering (12F88B9F-8875-4AFC-A67C-D90C383ABD29): 45
LogDevObjectVersion:   Dev-Sequencer (7B5AE74C-D270-4C10-A958-57980B212A5A): 13
LogDevObjectVersion:   Dev-VR (D7296918-1DD6-4BDD-9DE2-64A83CC13884): 3
LogDevObjectVersion:   Dev-LoadTimes (C2A15278-BFE7-4AFE-6C17-90FF531DF755): 1
LogDevObjectVersion:   Private-Geometry (6EACA3D4-40EC-4CC1-B786-8BED09428FC5): 3
LogDevObjectVersion:   Dev-AnimPhys (29E575DD-E0A3-4627-9D10-D276232CDCEA): 17
LogDevObjectVersion:   Dev-Anim (AF43A65D-7FD3-4947-9873-3E8ED9C1BB05): 15
LogDevObjectVersion:   Dev-ReflectionCapture (6B266CEC-1EC7-4B8F-A30B-E4D90942FC07): 1
LogDevObjectVersion:   Dev-Automation (0DF73D61-A23F-47EA-B727-89E90C41499A): 1
LogDevObjectVersion:   FortniteMain (601D1886-AC64-4F84-AA16-D3DE0DEAC7D6): 47
LogDevObjectVersion:   FortniteRelease (E7086368-6B23-4C58-8439-1B7016265E91): 1
LogDevObjectVersion:   Dev-Enterprise (9DFFBCD6-494F-0158-E221-12823C92A888): 10
LogDevObjectVersion:   Dev-Niagara (F2AED0AC-9AFE-416F-8664-AA7FFA26D6FC): 1
LogDevObjectVersion:   Dev-Destruction (174F1F0B-B4C6-45A5-B13F-2EE8D0FB917D): 10
LogDevObjectVersion:   Dev-Physics-Ext (35F94A83-E258-406C-A318-09F59610247C): 41
LogDevObjectVersion:   Dev-PhysicsMaterial-Chaos (B68FC16E-8B1B-42E2-B453-215C058844FE): 1
LogDevObjectVersion:   Dev-CineCamera (B2E18506-4273-CFC2-A54E-F4BB758BBA07): 1
LogDevObjectVersion:   Dev-VirtualProduction (64F58936-FD1B-42BA-BA96-7289D5D0FA4E): 1
LogDevObjectVersion:   Dev-MediaFramework (6F0ED827-A609-4895-9C91-998D90180EA4): 2
LogInit: Presizing for max 25165824 objects, including 0 objects not considered by GC, pre-allocating 0 bytes for permanent pool.
LogConfig: Applying CVar settings from Section [/Script/Engine.StreamingSettings] File [C:/Users/morin/OneDrive/Bureau/AH/CrazyKamikaze 4.27/Saved/Config/Windows/Engine.ini]
LogConfig: Setting CVar [[s.MinBulkDataSizeForAsyncLoading:131072]]
LogConfig: Setting CVar [[s.AsyncLoadingThreadEnabled:0]]
LogConfig: Setting CVar [[s.EventDrivenLoaderEnabled:1]]
LogConfig: Setting CVar [[s.WarnIfTimeLimitExceeded:0]]
LogConfig: Setting CVar [[s.TimeLimitExceededMultiplier:1.5]]
LogConfig: Setting CVar [[s.TimeLimitExceededMinTime:0.005]]
LogConfig: Setting CVar [[s.UseBackgroundLevelStreaming:1]]
LogConfig: Setting CVar [[s.PriorityAsyncLoadingExtraTime:15.0]]
LogConfig: Setting CVar [[s.LevelStreamingActorsUpdateTimeLimit:5.0]]
LogConfig: Setting CVar [[s.PriorityLevelStreamingActorsUpdateExtraTime:5.0]]
LogConfig: Setting CVar [[s.LevelStreamingComponentsRegistrationGranularity:10]]
LogConfig: Setting CVar [[s.UnregisterComponentsTimeLimit:1.0]]
LogConfig: Setting CVar [[s.LevelStreamingComponentsUnregistrationGranularity:5]]
LogConfig: Setting CVar [[s.FlushStreamingOnExit:1]]
LogInit: Object subsystem initialized
LogConfig: Setting CVar [[con.DebugEarlyDefault:1]]
LogConfig: Setting CVar [[r.setres:1280x720]]
[2022.04.05-14.41.13:125][  0]LogConfig: Setting CVar [[r.VSync:0]]
[2022.04.05-14.41.13:125][  0]LogConfig: Setting CVar [[r.RHICmdBypass:0]]
[2022.04.05-14.41.13:125][  0]LogConfig: Applying CVar settings from Section [/Script/Engine.RendererSettings] File [C:/Users/morin/OneDrive/Bureau/AH/CrazyKamikaze 4.27/Saved/Config/Windows/Engine.ini]
[2022.04.05-14.41.13:125][  0]LogConfig: Setting CVar [[r.GPUCrashDebugging:0]]
[2022.04.05-14.41.13:125][  0]LogConfig: Applying CVar settings from Section [/Script/Engine.RendererOverrideSettings] File [C:/Users/morin/OneDrive/Bureau/AH/CrazyKamikaze 4.27/Saved/Config/Windows/Engine.ini]
[2022.04.05-14.41.13:125][  0]LogConfig: Applying CVar settings from Section [/Script/Engine.StreamingSettings] File [C:/Users/morin/OneDrive/Bureau/AH/CrazyKamikaze 4.27/Saved/Config/Windows/Engine.ini]
[2022.04.05-14.41.13:125][  0]LogConfig: Setting CVar [[s.MinBulkDataSizeForAsyncLoading:131072]]
[2022.04.05-14.41.13:125][  0]LogConfig: Setting CVar [[s.AsyncLoadingThreadEnabled:0]]
[2022.04.05-14.41.13:125][  0]LogConfig: Setting CVar [[s.EventDrivenLoaderEnabled:1]]
[2022.04.05-14.41.13:125][  0]LogConfig: Setting CVar [[s.WarnIfTimeLimitExceeded:0]]
[2022.04.05-14.41.13:125][  0]LogConfig: Setting CVar [[s.TimeLimitExceededMultiplier:1.5]]
[2022.04.05-14.41.13:125][  0]LogConfig: Setting CVar [[s.TimeLimitExceededMinTime:0.005]]
[2022.04.05-14.41.13:125][  0]LogConfig: Setting CVar [[s.UseBackgroundLevelStreaming:1]]
[2022.04.05-14.41.13:125][  0]LogConfig: Setting CVar [[s.PriorityAsyncLoadingExtraTime:15.0]]
[2022.04.05-14.41.13:125][  0]LogConfig: Setting CVar [[s.LevelStreamingActorsUpdateTimeLimit:5.0]]
[2022.04.05-14.41.13:125][  0]LogConfig: Setting CVar [[s.PriorityLevelStreamingActorsUpdateExtraTime:5.0]]
[2022.04.05-14.41.13:125][  0]LogConfig: Setting CVar [[s.LevelStreamingComponentsRegistrationGranularity:10]]
[2022.04.05-14.41.13:125][  0]LogConfig: Setting CVar [[s.UnregisterComponentsTimeLimit:1.0]]
[2022.04.05-14.41.13:125][  0]LogConfig: Setting CVar [[s.LevelStreamingComponentsUnregistrationGranularity:5]]
[2022.04.05-14.41.13:125][  0]LogConfig: Setting CVar [[s.FlushStreamingOnExit:1]]
[2022.04.05-14.41.13:125][  0]LogConfig: Applying CVar settings from Section [/Script/Engine.GarbageCollectionSettings] File [C:/Users/morin/OneDrive/Bureau/AH/CrazyKamikaze 4.27/Saved/Config/Windows/Engine.ini]
[2022.04.05-14.41.13:125][  0]LogConfig: Setting CVar [[gc.MaxObjectsNotConsideredByGC:1]]
[2022.04.05-14.41.13:125][  0]LogConfig: Setting CVar [[gc.SizeOfPermanentObjectPool:0]]
[2022.04.05-14.41.13:125][  0]LogConfig: Setting CVar [[gc.FlushStreamingOnGC:0]]
[2022.04.05-14.41.13:125][  0]LogConfig: Setting CVar [[gc.NumRetriesBeforeForcingGC:10]]
[2022.04.05-14.41.13:125][  0]LogConfig: Setting CVar [[gc.AllowParallelGC:1]]
[2022.04.05-14.41.13:125][  0]LogConfig: Setting CVar [[gc.TimeBetweenPurgingPendingKillObjects:61.1]]
[2022.04.05-14.41.13:125][  0]LogConfig: Setting CVar [[gc.MaxObjectsInEditor:25165824]]
[2022.04.05-14.41.13:125][  0]LogConfig: Setting CVar [[gc.IncrementalBeginDestroyEnabled:1]]
[2022.04.05-14.41.13:125][  0]LogConfig: Setting CVar [[gc.CreateGCClusters:1]]
[2022.04.05-14.41.13:125][  0]LogConfig: Setting CVar [[gc.MinGCClusterSize:5]]
[2022.04.05-14.41.13:125][  0]LogConfig: Setting CVar [[gc.ActorClusteringEnabled:0]]
[2022.04.05-14.41.13:125][  0]LogConfig: Setting CVar [[gc.BlueprintClusteringEnabled:0]]
[2022.04.05-14.41.13:125][  0]LogConfig: Setting CVar [[gc.UseDisregardForGCOnDedicatedServers:0]]
[2022.04.05-14.41.13:125][  0]LogConfig: Setting CVar [[gc.MultithreadedDestructionEnabled:1]]
[2022.04.05-14.41.13:125][  0]LogConfig: Applying CVar settings from Section [/Script/Engine.NetworkSettings] File [C:/Users/morin/OneDrive/Bureau/AH/CrazyKamikaze 4.27/Saved/Config/Windows/Engine.ini]
[2022.04.05-14.41.13:125][  0]LogConfig: Applying CVar settings from Section [/Script/UnrealEd.CookerSettings] File [C:/Users/morin/OneDrive/Bureau/AH/CrazyKamikaze 4.27/Saved/Config/Windows/Engine.ini]
[2022.04.05-14.41.13:130][  0]LogConfig: Applying CVar settings from Section [ViewDistanceQuality@3] File [C:/Users/morin/OneDrive/Bureau/AH/CrazyKamikaze 4.27/Saved/Config/Windows/Scalability.ini]
[2022.04.05-14.41.13:130][  0]LogConfig: Setting CVar [[r.SkeletalMeshLODBias:0]]
[2022.04.05-14.41.13:130][  0]LogConfig: Setting CVar [[r.ViewDistanceScale:1.0]]
[2022.04.05-14.41.13:130][  0]LogConfig: Applying CVar settings from Section [AntiAliasingQuality@3] File [C:/Users/morin/OneDrive/Bureau/AH/CrazyKamikaze 4.27/Saved/Config/Windows/Scalability.ini]
[2022.04.05-14.41.13:130][  0]LogConfig: Setting CVar [[r.PostProcessAAQuality:4]]
[2022.04.05-14.41.13:130][  0]LogConfig: Applying CVar settings from Section [ShadowQuality@3] File [C:/Users/morin/OneDrive/Bureau/AH/CrazyKamikaze 4.27/Saved/Config/Windows/Scalability.ini]
[2022.04.05-14.41.13:130][  0]LogConfig: Setting CVar [[r.LightFunctionQuality:1]]
[2022.04.05-14.41.13:130][  0]LogConfig: Setting CVar [[r.ShadowQuality:5]]
[2022.04.05-14.41.13:130][  0]LogConfig: Setting CVar [[r.Shadow.CSM.MaxCascades:10]]
[2022.04.05-14.41.13:130][  0]LogConfig: Setting CVar [[r.Shadow.MaxResolution:2048]]
[2022.04.05-14.41.13:130][  0]LogConfig: Setting CVar [[r.Shadow.MaxCSMResolution:2048]]
[2022.04.05-14.41.13:130][  0]LogConfig: Setting CVar [[r.Shadow.RadiusThreshold:0.01]]
[2022.04.05-14.41.13:130][  0]LogConfig: Setting CVar [[r.Shadow.DistanceScale:1.0]]
[2022.04.05-14.41.13:130][  0]LogConfig: Setting CVar [[r.Shadow.CSM.TransitionScale:1.0]]
[2022.04.05-14.41.13:130][  0]LogConfig: Setting CVar [[r.Shadow.PreShadowResolutionFactor:1.0]]
[2022.04.05-14.41.13:130][  0]LogConfig: Setting CVar [[r.DistanceFieldShadowing:1]]
[2022.04.05-14.41.13:130][  0]LogConfig: Setting CVar [[r.DistanceFieldAO:1]]
[2022.04.05-14.41.13:130][  0]LogConfig: Setting CVar [[r.AOQuality:2]]
[2022.04.05-14.41.13:130][  0]LogConfig: Setting CVar [[r.VolumetricFog:1]]
[2022.04.05-14.41.13:130][  0]LogConfig: Setting CVar [[r.VolumetricFog.GridPixelSize:8]]
[2022.04.05-14.41.13:130][  0]LogConfig: Setting CVar [[r.VolumetricFog.GridSizeZ:128]]
[2022.04.05-14.41.13:130][  0]LogConfig: Setting CVar [[r.VolumetricFog.HistoryMissSupersampleCount:4]]
[2022.04.05-14.41.13:130][  0]LogConfig: Setting CVar [[r.LightMaxDrawDistanceScale:1]]
[2022.04.05-14.41.13:130][  0]LogConfig: Setting CVar [[r.CapsuleShadows:1]]
[2022.04.05-14.41.13:130][  0]LogConfig: Applying CVar settings from Section [PostProcessQuality@3] File [C:/Users/morin/OneDrive/Bureau/AH/CrazyKamikaze 4.27/Saved/Config/Windows/Scalability.ini]
[2022.04.05-14.41.13:130][  0]LogConfig: Setting CVar [[r.MotionBlurQuality:4]]
[2022.04.05-14.41.13:130][  0]LogConfig: Setting CVar [[r.AmbientOcclusionMipLevelFactor:0.4]]
[2022.04.05-14.41.13:130][  0]LogConfig: Setting CVar [[r.AmbientOcclusionMaxQuality:100]]
[2022.04.05-14.41.13:130][  0]LogConfig: Setting CVar [[r.AmbientOcclusionLevels:-1]]
[2022.04.05-14.41.13:130][  0]LogConfig: Setting CVar [[r.AmbientOcclusionRadiusScale:1.0]]
[2022.04.05-14.41.13:130][  0]LogConfig: Setting CVar [[r.DepthOfFieldQuality:2]]
[2022.04.05-14.41.13:130][  0]LogConfig: Setting CVar [[r.RenderTargetPoolMin:400]]
[2022.04.05-14.41.13:130][  0]LogConfig: Setting CVar [[r.LensFlareQuality:2]]
[2022.04.05-14.41.13:130][  0]LogConfig: Setting CVar [[r.SceneColorFringeQuality:1]]
[2022.04.05-14.41.13:130][  0]LogConfig: Setting CVar [[r.EyeAdaptationQuality:2]]
[2022.04.05-14.41.13:130][  0]LogConfig: Setting CVar [[r.BloomQuality:5]]
[2022.04.05-14.41.13:130][  0]LogConfig: Setting CVar [[r.FastBlurThreshold:100]]
[2022.04.05-14.41.13:130][  0]LogConfig: Setting CVar [[r.Upscale.Quality:3]]
[2022.04.05-14.41.13:130][  0]LogConfig: Setting CVar [[r.Tonemapper.GrainQuantization:1]]
[2022.04.05-14.41.13:130][  0]LogConfig: Setting CVar [[r.LightShaftQuality:1]]
[2022.04.05-14.41.13:130][  0]LogConfig: Setting CVar [[r.Filter.SizeScale:1]]
[2022.04.05-14.41.13:130][  0]LogConfig: Setting CVar [[r.Tonemapper.Quality:5]]
[2022.04.05-14.41.13:130][  0]LogConfig: Setting CVar [[r.DOF.Gather.AccumulatorQuality:1        ; higher gathering accumulator quality]]
[2022.04.05-14.41.13:130][  0]LogConfig: Setting CVar [[r.DOF.Gather.PostfilterMethod:1          ; Median3x3 postfilering method]]
[2022.04.05-14.41.13:130][  0]LogConfig: Setting CVar [[r.DOF.Gather.EnableBokehSettings:0       ; no bokeh simulation when gathering]]
[2022.04.05-14.41.13:130][  0]LogConfig: Setting CVar [[r.DOF.Gather.RingCount:4                 ; medium number of samples when gathering]]
[2022.04.05-14.41.13:130][  0]LogConfig: Setting CVar [[r.DOF.Scatter.ForegroundCompositing:1    ; additive foreground scattering]]
[2022.04.05-14.41.13:130][  0]LogConfig: Setting CVar [[r.DOF.Scatter.BackgroundCompositing:2    ; additive background scattering]]
[2022.04.05-14.41.13:130][  0]LogConfig: Setting CVar [[r.DOF.Scatter.EnableBokehSettings:1      ; bokeh simulation when scattering]]
[2022.04.05-14.41.13:130][  0]LogConfig: Setting CVar [[r.DOF.Scatter.MaxSpriteRatio:0.1         ; only a maximum of 10% of scattered bokeh]]
[2022.04.05-14.41.13:130][  0]LogConfig: Setting CVar [[r.DOF.Recombine.Quality:1                ; cheap slight out of focus]]
[2022.04.05-14.41.13:130][  0]LogConfig: Setting CVar [[r.DOF.Recombine.EnableBokehSettings:0    ; no bokeh simulation on slight out of focus]]
[2022.04.05-14.41.13:130][  0]LogConfig: Setting CVar [[r.DOF.TemporalAAQuality:1                ; more stable temporal accumulation]]
[2022.04.05-14.41.13:130][  0]LogConfig: Setting CVar [[r.DOF.Kernel.MaxForegroundRadius:0.025]]
[2022.04.05-14.41.13:130][  0]LogConfig: Setting CVar [[r.DOF.Kernel.MaxBackgroundRadius:0.025]]
[2022.04.05-14.41.13:130][  0]LogConfig: Applying CVar settings from Section [TextureQuality@3] File [C:/Users/morin/OneDrive/Bureau/AH/CrazyKamikaze 4.27/Saved/Config/Windows/Scalability.ini]
[2022.04.05-14.41.13:130][  0]LogConfig: Setting CVar [[r.Streaming.MipBias:0]]
[2022.04.05-14.41.13:130][  0]LogConfig: Setting CVar [[r.Streaming.AmortizeCPUToGPUCopy:0]]
[2022.04.05-14.41.13:130][  0]LogConfig: Setting CVar [[r.Streaming.MaxNumTexturesToStreamPerFrame:0]]
[2022.04.05-14.41.13:130][  0]LogConfig: Setting CVar [[r.Streaming.Boost:1]]
[2022.04.05-14.41.13:130][  0]LogConfig: Setting CVar [[r.MaxAnisotropy:8]]
[2022.04.05-14.41.13:130][  0]LogConfig: Setting CVar [[r.VT.MaxAnisotropy:8]]
[2022.04.05-14.41.13:130][  0]LogConfig: Setting CVar [[r.Streaming.LimitPoolSizeToVRAM:0]]
[2022.04.05-14.41.13:130][  0]LogConfig: Setting CVar [[r.Streaming.PoolSize:1000]]
[2022.04.05-14.41.13:130][  0]LogConfig: Setting CVar [[r.Streaming.MaxEffectiveScreenSize:0]]
[2022.04.05-14.41.13:131][  0]LogConfig: Applying CVar settings from Section [EffectsQuality@3] File [C:/Users/morin/OneDrive/Bureau/AH/CrazyKamikaze 4.27/Saved/Config/Windows/Scalability.ini]
[2022.04.05-14.41.13:131][  0]LogConfig: Setting CVar [[r.TranslucencyLightingVolumeDim:64]]
[2022.04.05-14.41.13:131][  0]LogConfig: Setting CVar [[r.RefractionQuality:2]]
[2022.04.05-14.41.13:131][  0]LogConfig: Setting CVar [[r.SSR.Quality:3]]
[2022.04.05-14.41.13:131][  0]LogConfig: Setting CVar [[r.SSR.HalfResSceneColor:0]]
[2022.04.05-14.41.13:131][  0]LogConfig: Setting CVar [[r.SceneColorFormat:4]]
[2022.04.05-14.41.13:131][  0]LogConfig: Setting CVar [[r.DetailMode:2]]
[2022.04.05-14.41.13:131][  0]LogConfig: Setting CVar [[r.TranslucencyVolumeBlur:1]]
[2022.04.05-14.41.13:131][  0]LogConfig: Setting CVar [[r.MaterialQualityLevel:1 ; High quality]]
[2022.04.05-14.41.13:131][  0]LogConfig: Setting CVar [[r.AnisotropicMaterials:1]]
[2022.04.05-14.41.13:131][  0]LogConfig: Setting CVar [[r.SSS.Scale:1]]
[2022.04.05-14.41.13:131][  0]LogConfig: Setting CVar [[r.SSS.SampleSet:2]]
[2022.04.05-14.41.13:131][  0]LogConfig: Setting CVar [[r.SSS.Quality:1]]
[2022.04.05-14.41.13:131][  0]LogConfig: Setting CVar [[r.SSS.HalfRes:0]]
[2022.04.05-14.41.13:131][  0]LogConfig: Setting CVar [[r.SSGI.Quality:3]]
[2022.04.05-14.41.13:131][  0]LogConfig: Setting CVar [[r.EmitterSpawnRateScale:1.0]]
[2022.04.05-14.41.13:131][  0]LogConfig: Setting CVar [[r.ParticleLightQuality:2]]
[2022.04.05-14.41.13:131][  0]LogConfig: Setting CVar [[r.SkyAtmosphere.AerialPerspectiveLUT.FastApplyOnOpaque:1 ; Always have FastSkyLUT 1 in this case to avoid wrong sky]]
[2022.04.05-14.41.13:131][  0]LogConfig: Setting CVar [[r.SkyAtmosphere.AerialPerspectiveLUT.SampleCountMaxPerSlice:4]]
[2022.04.05-14.41.13:131][  0]LogConfig: Setting CVar [[r.SkyAtmosphere.AerialPerspectiveLUT.DepthResolution:16.0]]
[2022.04.05-14.41.13:131][  0]LogConfig: Setting CVar [[r.SkyAtmosphere.FastSkyLUT:1]]
[2022.04.05-14.41.13:131][  0]LogConfig: Setting CVar [[r.SkyAtmosphere.FastSkyLUT.SampleCountMin:4.0]]
[2022.04.05-14.41.13:131][  0]LogConfig: Setting CVar [[r.SkyAtmosphere.FastSkyLUT.SampleCountMax:128.0]]
[2022.04.05-14.41.13:131][  0]LogConfig: Setting CVar [[r.SkyAtmosphere.SampleCountMin:4.0]]
[2022.04.05-14.41.13:131][  0]LogConfig: Setting CVar [[r.SkyAtmosphere.SampleCountMax:128.0]]
[2022.04.05-14.41.13:131][  0]LogConfig: Setting CVar [[r.SkyAtmosphere.TransmittanceLUT.UseSmallFormat:0]]
[2022.04.05-14.41.13:131][  0]LogConfig: Setting CVar [[r.SkyAtmosphere.TransmittanceLUT.SampleCount:10.0]]
[2022.04.05-14.41.13:131][  0]LogConfig: Setting CVar [[r.SkyAtmosphere.MultiScatteringLUT.SampleCount:15.0]]
[2022.04.05-14.41.13:131][  0]LogConfig: Setting CVar [[r.SkyLight.RealTimeReflectionCapture:1]]
[2022.04.05-14.41.13:131][  0]LogConfig: Applying CVar settings from Section [FoliageQuality@3] File [C:/Users/morin/OneDrive/Bureau/AH/CrazyKamikaze 4.27/Saved/Config/Windows/Scalability.ini]
[2022.04.05-14.41.13:131][  0]LogConfig: Setting CVar [[foliage.DensityScale:1.0]]
[2022.04.05-14.41.13:131][  0]LogConfig: Setting CVar [[grass.DensityScale:1.0]]
[2022.04.05-14.41.13:131][  0]LogConfig: Applying CVar settings from Section [ShadingQuality@3] File [C:/Users/morin/OneDrive/Bureau/AH/CrazyKamikaze 4.27/Saved/Config/Windows/Scalability.ini]
[2022.04.05-14.41.13:131][  0]LogConfig: Setting CVar [[r.HairStrands.SkyLighting.IntegrationType:2]]
[2022.04.05-14.41.13:131][  0]LogConfig: Setting CVar [[r.HairStrands.SkyAO.SampleCount:4]]
[2022.04.05-14.41.13:131][  0]LogConfig: Setting CVar [[r.HairStrands.Visibility.MSAA.SamplePerPixel:4]]
[2022.04.05-14.41.13:131][  0]LogInit: Selected Device Profile: [Windows]
[2022.04.05-14.41.13:131][  0]LogInit: Applying CVar settings loaded from the selected device profile: [Windows]
[2022.04.05-14.41.13:131][  0]LogHAL: Display: Platform has ~ 16 GB [16556687360 / 17179869184 / 16], which maps to Larger [LargestMinGB=32, LargerMinGB=12, DefaultMinGB=8, SmallerMinGB=6, SmallestMinGB=0)
[2022.04.05-14.41.13:131][  0]LogInit: Going up to parent DeviceProfile []
[2022.04.05-14.41.13:131][  0]LogConfig: Applying CVar settings from Section [ViewDistanceQuality@3] File [C:/Users/morin/OneDrive/Bureau/AH/CrazyKamikaze 4.27/Saved/Config/Windows/Scalability.ini]
[2022.04.05-14.41.13:131][  0]LogConfig: Setting CVar [[r.SkeletalMeshLODBias:0]]
[2022.04.05-14.41.13:131][  0]LogConfig: Setting CVar [[r.ViewDistanceScale:1.0]]
[2022.04.05-14.41.13:131][  0]LogConfig: Applying CVar settings from Section [AntiAliasingQuality@3] File [C:/Users/morin/OneDrive/Bureau/AH/CrazyKamikaze 4.27/Saved/Config/Windows/Scalability.ini]
[2022.04.05-14.41.13:131][  0]LogConfig: Setting CVar [[r.PostProcessAAQuality:4]]
[2022.04.05-14.41.13:131][  0]LogConfig: Applying CVar settings from Section [ShadowQuality@3] File [C:/Users/morin/OneDrive/Bureau/AH/CrazyKamikaze 4.27/Saved/Config/Windows/Scalability.ini]
[2022.04.05-14.41.13:131][  0]LogConfig: Setting CVar [[r.LightFunctionQuality:1]]
[2022.04.05-14.41.13:131][  0]LogConfig: Setting CVar [[r.ShadowQuality:5]]
[2022.04.05-14.41.13:131][  0]LogConfig: Setting CVar [[r.Shadow.CSM.MaxCascades:10]]
[2022.04.05-14.41.13:131][  0]LogConfig: Setting CVar [[r.Shadow.MaxResolution:2048]]
[2022.04.05-14.41.13:131][  0]LogConfig: Setting CVar [[r.Shadow.MaxCSMResolution:2048]]
[2022.04.05-14.41.13:131][  0]LogConfig: Setting CVar [[r.Shadow.RadiusThreshold:0.01]]
[2022.04.05-14.41.13:131][  0]LogConfig: Setting CVar [[r.Shadow.DistanceScale:1.0]]
[2022.04.05-14.41.13:131][  0]LogConfig: Setting CVar [[r.Shadow.CSM.TransitionScale:1.0]]
[2022.04.05-14.41.13:131][  0]LogConfig: Setting CVar [[r.Shadow.PreShadowResolutionFactor:1.0]]
[2022.04.05-14.41.13:131][  0]LogConfig: Setting CVar [[r.DistanceFieldShadowing:1]]
[2022.04.05-14.41.13:131][  0]LogConfig: Setting CVar [[r.DistanceFieldAO:1]]
[2022.04.05-14.41.13:131][  0]LogConfig: Setting CVar [[r.AOQuality:2]]
[2022.04.05-14.41.13:131][  0]LogConfig: Setting CVar [[r.VolumetricFog:1]]
[2022.04.05-14.41.13:131][  0]LogConfig: Setting CVar [[r.VolumetricFog.GridPixelSize:8]]
[2022.04.05-14.41.13:131][  0]LogConfig: Setting CVar [[r.VolumetricFog.GridSizeZ:128]]
[2022.04.05-14.41.13:131][  0]LogConfig: Setting CVar [[r.VolumetricFog.HistoryMissSupersampleCount:4]]
[2022.04.05-14.41.13:131][  0]LogConfig: Setting CVar [[r.LightMaxDrawDistanceScale:1]]
[2022.04.05-14.41.13:131][  0]LogConfig: Setting CVar [[r.CapsuleShadows:1]]
[2022.04.05-14.41.13:131][  0]LogConfig: Applying CVar settings from Section [PostProcessQuality@3] File [C:/Users/morin/OneDrive/Bureau/AH/CrazyKamikaze 4.27/Saved/Config/Windows/Scalability.ini]
[2022.04.05-14.41.13:131][  0]LogConfig: Setting CVar [[r.MotionBlurQuality:4]]
[2022.04.05-14.41.13:131][  0]LogConfig: Setting CVar [[r.AmbientOcclusionMipLevelFactor:0.4]]
[2022.04.05-14.41.13:131][  0]LogConfig: Setting CVar [[r.AmbientOcclusionMaxQuality:100]]
[2022.04.05-14.41.13:131][  0]LogConfig: Setting CVar [[r.AmbientOcclusionLevels:-1]]
[2022.04.05-14.41.13:131][  0]LogConfig: Setting CVar [[r.AmbientOcclusionRadiusScale:1.0]]
[2022.04.05-14.41.13:131][  0]LogConfig: Setting CVar [[r.DepthOfFieldQuality:2]]
[2022.04.05-14.41.13:131][  0]LogConfig: Setting CVar [[r.RenderTargetPoolMin:400]]
[2022.04.05-14.41.13:131][  0]LogConfig: Setting CVar [[r.LensFlareQuality:2]]
[2022.04.05-14.41.13:131][  0]LogConfig: Setting CVar [[r.SceneColorFringeQuality:1]]
[2022.04.05-14.41.13:131][  0]LogConfig: Setting CVar [[r.EyeAdaptationQuality:2]]
[2022.04.05-14.41.13:131][  0]LogConfig: Setting CVar [[r.BloomQuality:5]]
[2022.04.05-14.41.13:131][  0]LogConfig: Setting CVar [[r.FastBlurThreshold:100]]
[2022.04.05-14.41.13:131][  0]LogConfig: Setting CVar [[r.Upscale.Quality:3]]
[2022.04.05-14.41.13:131][  0]LogConfig: Setting CVar [[r.Tonemapper.GrainQuantization:1]]
[2022.04.05-14.41.13:131][  0]LogConfig: Setting CVar [[r.LightShaftQuality:1]]
[2022.04.05-14.41.13:131][  0]LogConfig: Setting CVar [[r.Filter.SizeScale:1]]
[2022.04.05-14.41.13:131][  0]LogConfig: Setting CVar [[r.Tonemapper.Quality:5]]
[2022.04.05-14.41.13:131][  0]LogConfig: Setting CVar [[r.DOF.Gather.AccumulatorQuality:1        ; higher gathering accumulator quality]]
[2022.04.05-14.41.13:131][  0]LogConfig: Setting CVar [[r.DOF.Gather.PostfilterMethod:1          ; Median3x3 postfilering method]]
[2022.04.05-14.41.13:131][  0]LogConfig: Setting CVar [[r.DOF.Gather.EnableBokehSettings:0       ; no bokeh simulation when gathering]]
[2022.04.05-14.41.13:131][  0]LogConfig: Setting CVar [[r.DOF.Gather.RingCount:4                 ; medium number of samples when gathering]]
[2022.04.05-14.41.13:131][  0]LogConfig: Setting CVar [[r.DOF.Scatter.ForegroundCompositing:1    ; additive foreground scattering]]
[2022.04.05-14.41.13:131][  0]LogConfig: Setting CVar [[r.DOF.Scatter.BackgroundCompositing:2    ; additive background scattering]]
[2022.04.05-14.41.13:131][  0]LogConfig: Setting CVar [[r.DOF.Scatter.EnableBokehSettings:1      ; bokeh simulation when scattering]]
[2022.04.05-14.41.13:131][  0]LogConfig: Setting CVar [[r.DOF.Scatter.MaxSpriteRatio:0.1         ; only a maximum of 10% of scattered bokeh]]
[2022.04.05-14.41.13:131][  0]LogConfig: Setting CVar [[r.DOF.Recombine.Quality:1                ; cheap slight out of focus]]
[2022.04.05-14.41.13:131][  0]LogConfig: Setting CVar [[r.DOF.Recombine.EnableBokehSettings:0    ; no bokeh simulation on slight out of focus]]
[2022.04.05-14.41.13:131][  0]LogConfig: Setting CVar [[r.DOF.TemporalAAQuality:1                ; more stable temporal accumulation]]
[2022.04.05-14.41.13:131][  0]LogConfig: Setting CVar [[r.DOF.Kernel.MaxForegroundRadius:0.025]]
[2022.04.05-14.41.13:131][  0]LogConfig: Setting CVar [[r.DOF.Kernel.MaxBackgroundRadius:0.025]]
[2022.04.05-14.41.13:131][  0]LogConfig: Applying CVar settings from Section [TextureQuality@3] File [C:/Users/morin/OneDrive/Bureau/AH/CrazyKamikaze 4.27/Saved/Config/Windows/Scalability.ini]
[2022.04.05-14.41.13:131][  0]LogConfig: Setting CVar [[r.Streaming.MipBias:0]]
[2022.04.05-14.41.13:131][  0]LogConfig: Setting CVar [[r.Streaming.AmortizeCPUToGPUCopy:0]]
[2022.04.05-14.41.13:132][  0]LogConfig: Setting CVar [[r.Streaming.MaxNumTexturesToStreamPerFrame:0]]
[2022.04.05-14.41.13:132][  0]LogConfig: Setting CVar [[r.Streaming.Boost:1]]
[2022.04.05-14.41.13:132][  0]LogConfig: Setting CVar [[r.MaxAnisotropy:8]]
[2022.04.05-14.41.13:132][  0]LogConfig: Setting CVar [[r.VT.MaxAnisotropy:8]]
[2022.04.05-14.41.13:132][  0]LogConfig: Setting CVar [[r.Streaming.LimitPoolSizeToVRAM:0]]
[2022.04.05-14.41.13:132][  0]LogConfig: Setting CVar [[r.Streaming.PoolSize:1000]]
[2022.04.05-14.41.13:132][  0]LogConfig: Setting CVar [[r.Streaming.MaxEffectiveScreenSize:0]]
[2022.04.05-14.41.13:132][  0]LogConfig: Applying CVar settings from Section [EffectsQuality@3] File [C:/Users/morin/OneDrive/Bureau/AH/CrazyKamikaze 4.27/Saved/Config/Windows/Scalability.ini]
[2022.04.05-14.41.13:132][  0]LogConfig: Setting CVar [[r.TranslucencyLightingVolumeDim:64]]
[2022.04.05-14.41.13:132][  0]LogConfig: Setting CVar [[r.RefractionQuality:2]]
[2022.04.05-14.41.13:132][  0]LogConfig: Setting CVar [[r.SSR.Quality:3]]
[2022.04.05-14.41.13:132][  0]LogConfig: Setting CVar [[r.SSR.HalfResSceneColor:0]]
[2022.04.05-14.41.13:132][  0]LogConfig: Setting CVar [[r.SceneColorFormat:4]]
[2022.04.05-14.41.13:132][  0]LogConfig: Setting CVar [[r.DetailMode:2]]
[2022.04.05-14.41.13:132][  0]LogConfig: Setting CVar [[r.TranslucencyVolumeBlur:1]]
[2022.04.05-14.41.13:132][  0]LogConfig: Setting CVar [[r.MaterialQualityLevel:1 ; High quality]]
[2022.04.05-14.41.13:132][  0]LogConfig: Setting CVar [[r.AnisotropicMaterials:1]]
[2022.04.05-14.41.13:132][  0]LogConfig: Setting CVar [[r.SSS.Scale:1]]
[2022.04.05-14.41.13:132][  0]LogConfig: Setting CVar [[r.SSS.SampleSet:2]]
[2022.04.05-14.41.13:132][  0]LogConfig: Setting CVar [[r.SSS.Quality:1]]
[2022.04.05-14.41.13:132][  0]LogConfig: Setting CVar [[r.SSS.HalfRes:0]]
[2022.04.05-14.41.13:132][  0]LogConfig: Setting CVar [[r.SSGI.Quality:3]]
[2022.04.05-14.41.13:132][  0]LogConfig: Setting CVar [[r.EmitterSpawnRateScale:1.0]]
[2022.04.05-14.41.13:132][  0]LogConfig: Setting CVar [[r.ParticleLightQuality:2]]
[2022.04.05-14.41.13:132][  0]LogConfig: Setting CVar [[r.SkyAtmosphere.AerialPerspectiveLUT.FastApplyOnOpaque:1 ; Always have FastSkyLUT 1 in this case to avoid wrong sky]]
[2022.04.05-14.41.13:132][  0]LogConfig: Setting CVar [[r.SkyAtmosphere.AerialPerspectiveLUT.SampleCountMaxPerSlice:4]]
[2022.04.05-14.41.13:132][  0]LogConfig: Setting CVar [[r.SkyAtmosphere.AerialPerspectiveLUT.DepthResolution:16.0]]
[2022.04.05-14.41.13:132][  0]LogConfig: Setting CVar [[r.SkyAtmosphere.FastSkyLUT:1]]
[2022.04.05-14.41.13:132][  0]LogConfig: Setting CVar [[r.SkyAtmosphere.FastSkyLUT.SampleCountMin:4.0]]
[2022.04.05-14.41.13:132][  0]LogConfig: Setting CVar [[r.SkyAtmosphere.FastSkyLUT.SampleCountMax:128.0]]
[2022.04.05-14.41.13:132][  0]LogConfig: Setting CVar [[r.SkyAtmosphere.SampleCountMin:4.0]]
[2022.04.05-14.41.13:132][  0]LogConfig: Setting CVar [[r.SkyAtmosphere.SampleCountMax:128.0]]
[2022.04.05-14.41.13:132][  0]LogConfig: Setting CVar [[r.SkyAtmosphere.TransmittanceLUT.UseSmallFormat:0]]
[2022.04.05-14.41.13:132][  0]LogConfig: Setting CVar [[r.SkyAtmosphere.TransmittanceLUT.SampleCount:10.0]]
[2022.04.05-14.41.13:132][  0]LogConfig: Setting CVar [[r.SkyAtmosphere.MultiScatteringLUT.SampleCount:15.0]]
[2022.04.05-14.41.13:132][  0]LogConfig: Setting CVar [[r.SkyLight.RealTimeReflectionCapture:1]]
[2022.04.05-14.41.13:132][  0]LogConfig: Applying CVar settings from Section [FoliageQuality@3] File [C:/Users/morin/OneDrive/Bureau/AH/CrazyKamikaze 4.27/Saved/Config/Windows/Scalability.ini]
[2022.04.05-14.41.13:132][  0]LogConfig: Setting CVar [[foliage.DensityScale:1.0]]
[2022.04.05-14.41.13:132][  0]LogConfig: Setting CVar [[grass.DensityScale:1.0]]
[2022.04.05-14.41.13:132][  0]LogConfig: Applying CVar settings from Section [ShadingQuality@3] File [C:/Users/morin/OneDrive/Bureau/AH/CrazyKamikaze 4.27/Saved/Config/Windows/Scalability.ini]
[2022.04.05-14.41.13:132][  0]LogConfig: Setting CVar [[r.HairStrands.SkyLighting.IntegrationType:2]]
[2022.04.05-14.41.13:132][  0]LogConfig: Setting CVar [[r.HairStrands.SkyAO.SampleCount:4]]
[2022.04.05-14.41.13:132][  0]LogConfig: Setting CVar [[r.HairStrands.Visibility.MSAA.SamplePerPixel:4]]
[2022.04.05-14.41.13:132][  0]LogConfig: Applying CVar settings from Section [Startup] File [../../../Engine/Config/ConsoleVariables.ini]
[2022.04.05-14.41.13:132][  0]LogConfig: Setting CVar [[net.UseAdaptiveNetUpdateFrequency:0]]
[2022.04.05-14.41.13:132][  0]LogConfig: Setting CVar [[p.chaos.AllowCreatePhysxBodies:1]]
[2022.04.05-14.41.13:132][  0]LogConfig: Setting CVar [[fx.SkipVectorVMBackendOptimizations:1]]
[2022.04.05-14.41.13:132][  0]LogConfig: Applying CVar settings from Section [ConsoleVariables] File [C:/Users/morin/OneDrive/Bureau/AH/CrazyKamikaze 4.27/Saved/Config/Windows/Engine.ini]
[2022.04.05-14.41.13:132][  0]LogConfig: Applying CVar settings from Section [ConsoleVariables] File [C:/Users/morin/OneDrive/Bureau/AH/CrazyKamikaze 4.27/Saved/Config/Windows/Editor.ini]
[2022.04.05-14.41.13:132][  0]LogInit: Computer: LAPTOP-OFGU75TO
[2022.04.05-14.41.13:132][  0]LogInit: User: morin
[2022.04.05-14.41.13:132][  0]LogInit: CPU Page size=4096, Cores=8
[2022.04.05-14.41.13:132][  0]LogInit: High frequency timer resolution =10.000000 MHz
[2022.04.05-14.41.13:132][  0]LogMemory: Memory total: Physical=15.4GB (16GB approx)
[2022.04.05-14.41.13:132][  0]LogMemory: Platform Memory Stats for Windows
[2022.04.05-14.41.13:132][  0]LogMemory: Process Physical Memory: 150.42 MB used, 150.42 MB peak
[2022.04.05-14.41.13:132][  0]LogMemory: Process Virtual Memory: 133.37 MB used, 133.37 MB peak
[2022.04.05-14.41.13:132][  0]LogMemory: Physical Memory: 10084.48 MB used,  5705.21 MB free, 15789.69 MB total
[2022.04.05-14.41.13:132][  0]LogMemory: Virtual Memory: 134210664.00 MB used,  7063.55 MB free, 134217728.00 MB total
[2022.04.05-14.41.13:139][  0]LogWindows: WindowsPlatformFeatures enabled
[2022.04.05-14.41.13:186][  0]LogInit: Physics initialised using underlying interface: PhysX
[2022.04.05-14.41.13:187][  0]LogInit: Using OS detected language (fr-FR).
[2022.04.05-14.41.13:187][  0]LogInit: Using OS detected locale (fr-FR).
[2022.04.05-14.41.13:189][  0]LogTextLocalizationManager: No specific localization for 'fr-FR' exists, so the 'fr' localization will be used.
[2022.04.05-14.41.13:189][  0]LogTextLocalizationResource: LocRes '../../../Engine/Content/Localization/Editor/fr/Editor.locres' could not be opened for reading!
[2022.04.05-14.41.13:189][  0]LogTextLocalizationResource: LocRes '../../../Engine/Content/Localization/EditorTutorials/fr/EditorTutorials.locres' could not be opened for reading!
[2022.04.05-14.41.13:189][  0]LogTextLocalizationResource: LocRes '../../../Engine/Content/Localization/Keywords/fr/Keywords.locres' could not be opened for reading!
[2022.04.05-14.41.13:189][  0]LogTextLocalizationResource: LocRes '../../../Engine/Content/Localization/Category/fr/Category.locres' could not be opened for reading!
[2022.04.05-14.41.13:189][  0]LogTextLocalizationResource: LocRes '../../../Engine/Content/Localization/ToolTips/fr/ToolTips.locres' could not be opened for reading!
[2022.04.05-14.41.13:189][  0]LogTextLocalizationResource: LocRes '../../../Engine/Content/Localization/PropertyNames/fr/PropertyNames.locres' could not be opened for reading!
[2022.04.05-14.41.13:189][  0]LogTextLocalizationResource: LocRes '../../../Engine/Content/Localization/Engine/fr/Engine.locres' could not be opened for reading!
[2022.04.05-14.41.13:190][  0]LogInit: Setting process to per monitor DPI aware
[2022.04.05-14.41.13:202][  0]LogWindowsTextInputMethodSystem: Display: IME system deactivated.
[2022.04.05-14.41.13:214][  0]LogSlate: New Slate User Created.  User Index 0, Is Virtual User: 0
[2022.04.05-14.41.13:214][  0]LogSlate: Slate User Registered.  User Index 0, Is Virtual User: 0
[2022.04.05-14.41.13:331][  0]LogD3D11RHI: Loaded GFSDK_Aftermath_Lib.x64.dll
[2022.04.05-14.41.13:371][  0]LogHMD: Failed to initialize OpenVR with code 110
[2022.04.05-14.41.13:371][  0]LogD3D11RHI: D3D11 min allowed feature level: 11_0
[2022.04.05-14.41.13:371][  0]LogD3D11RHI: D3D11 max allowed feature level: 11_0
[2022.04.05-14.41.13:371][  0]LogD3D11RHI: D3D11 adapters:
[2022.04.05-14.41.13:478][  0]LogD3D11RHI:    0. 'NVIDIA GeForce GTX 1660 Ti' (Feature Level 11_0)
[2022.04.05-14.41.13:478][  0]LogD3D11RHI:       5991/0/7894 MB DedicatedVideo/DedicatedSystem/SharedSystem, Outputs:1, VendorId:0x10de
[2022.04.05-14.41.13:504][  0]LogD3D11RHI:    1. 'AMD Radeon(TM) Graphics' (Feature Level 11_0)
[2022.04.05-14.41.13:504][  0]LogD3D11RHI:       496/0/7894 MB DedicatedVideo/DedicatedSystem/SharedSystem, Outputs:0, VendorId:0x1002
[2022.04.05-14.41.13:506][  0]LogD3D11RHI:    2. 'Microsoft Basic Render Driver' (Feature Level 11_0)
[2022.04.05-14.41.13:506][  0]LogD3D11RHI:       0/0/7894 MB DedicatedVideo/DedicatedSystem/SharedSystem, Outputs:0, VendorId:0x1414
[2022.04.05-14.41.13:506][  0]LogD3D11RHI: Chosen D3D11 Adapter:
[2022.04.05-14.41.13:506][  0]LogD3D11RHI:     Description : NVIDIA GeForce GTX 1660 Ti
[2022.04.05-14.41.13:506][  0]LogD3D11RHI:     VendorId    : 10de
[2022.04.05-14.41.13:506][  0]LogD3D11RHI:     DeviceId    : 2191
[2022.04.05-14.41.13:506][  0]LogD3D11RHI:     SubSysId    : 16ff1043
[2022.04.05-14.41.13:506][  0]LogD3D11RHI:     Revision    : 00a1
[2022.04.05-14.41.13:506][  0]LogD3D11RHI:     DedicatedVideoMemory : 6282018816 bytes
[2022.04.05-14.41.13:506][  0]LogD3D11RHI:     DedicatedSystemMemory : 0 bytes
[2022.04.05-14.41.13:506][  0]LogD3D11RHI:     SharedSystemMemory : 8278343680 bytes
[2022.04.05-14.41.13:506][  0]LogD3D11RHI:     AdapterLuid : 0 67877
[2022.04.05-14.41.13:517][  0]LogD3D11RHI: Creating new Direct3DDevice
[2022.04.05-14.41.13:517][  0]LogD3D11RHI:     GPU DeviceId: 0x2191 (for the marketing name, search the web for "GPU Device Id")
[2022.04.05-14.41.13:517][  0]LogWindows: EnumDisplayDevices:
[2022.04.05-14.41.13:517][  0]LogWindows:    0. 'AMD Radeon(TM) Graphics' (P:1 D:1)
[2022.04.05-14.41.13:517][  0]LogWindows:    1. 'AMD Radeon(TM) Graphics' (P:0 D:0)
[2022.04.05-14.41.13:517][  0]LogWindows:    2. 'AMD Radeon(TM) Graphics' (P:0 D:0)
[2022.04.05-14.41.13:518][  0]LogWindows:    3. 'AMD Radeon(TM) Graphics' (P:0 D:0)
[2022.04.05-14.41.13:518][  0]LogWindows:    4. 'NVIDIA GeForce GTX 1660 Ti' (P:0 D:0)
[2022.04.05-14.41.13:518][  0]LogWindows:    5. 'NVIDIA GeForce GTX 1660 Ti' (P:0 D:0)
[2022.04.05-14.41.13:518][  0]LogWindows:    6. 'NVIDIA GeForce GTX 1660 Ti' (P:0 D:0)
[2022.04.05-14.41.13:518][  0]LogWindows:    7. 'NVIDIA GeForce GTX 1660 Ti' (P:0 D:0)
[2022.04.05-14.41.13:518][  0]LogWindows: DebugString: PrimaryIsNotTheChoosenAdapter PrimaryIsNotTheChoosenAdapter PrimaryIsNotTheChoosenAdapter PrimaryIsNotTheChoosenAdapter FoundDriverCount:4 
[2022.04.05-14.41.13:518][  0]LogD3D11RHI:     Adapter Name: NVIDIA GeForce GTX 1660 Ti
[2022.04.05-14.41.13:518][  0]LogD3D11RHI:   Driver Version: 511.79 (internal:30.0.15.1179, unified:511.79)
[2022.04.05-14.41.13:518][  0]LogD3D11RHI:      Driver Date: 2-10-2022
[2022.04.05-14.41.13:518][  0]LogRHI: Texture pool is 4193 MB (70% of 5991 MB)
[2022.04.05-14.41.13:518][  0]LogD3D11RHI: Creating D3DDevice using adapter:
[2022.04.05-14.41.13:518][  0]LogD3D11RHI:     Description : NVIDIA GeForce GTX 1660 Ti
[2022.04.05-14.41.13:518][  0]LogD3D11RHI:     VendorId    : 10de
[2022.04.05-14.41.13:518][  0]LogD3D11RHI:     DeviceId    : 2191
[2022.04.05-14.41.13:518][  0]LogD3D11RHI:     SubSysId    : 16ff1043
[2022.04.05-14.41.13:518][  0]LogD3D11RHI:     Revision    : 00a1
[2022.04.05-14.41.13:518][  0]LogD3D11RHI:     DedicatedVideoMemory : 6282018816 bytes
[2022.04.05-14.41.13:518][  0]LogD3D11RHI:     DedicatedSystemMemory : 0 bytes
[2022.04.05-14.41.13:518][  0]LogD3D11RHI:     SharedSystemMemory : 8278343680 bytes
[2022.04.05-14.41.13:518][  0]LogD3D11RHI:     AdapterLuid : 0 67877
[2022.04.05-14.41.13:574][  0]LogD3D11RHI: RHI has support for 64 bit atomics
[2022.04.05-14.41.13:574][  0]LogD3D11RHI: Async texture creation enabled
[2022.04.05-14.41.13:574][  0]LogD3D11RHI: Array index from any shader is supported
[2022.04.05-14.41.13:595][  0]LogD3D11RHI: GPU Timing Frequency: 1000.000000 (Debug: 2 1)
[2022.04.05-14.41.13:626][  0]LogRHI: GeForceNow SDK initialized: 1
[2022.04.05-14.41.14:003][  0]LogTargetPlatformManager: Display: Loaded TargetPlatform 'AllDesktop'
[2022.04.05-14.41.14:025][  0]LogTargetPlatformManager: Display: Loaded TargetPlatform 'Android'
[2022.04.05-14.41.14:025][  0]LogTargetPlatformManager: Display: Loaded TargetPlatform 'Android_ASTC'
[2022.04.05-14.41.14:025][  0]LogTargetPlatformManager: Display: Loaded TargetPlatform 'Android_DXT'
[2022.04.05-14.41.14:025][  0]LogTargetPlatformManager: Display: Loaded TargetPlatform 'Android_ETC2'
[2022.04.05-14.41.14:025][  0]LogTargetPlatformManager: Display: Loaded TargetPlatform 'AndroidClient'
[2022.04.05-14.41.14:025][  0]LogTargetPlatformManager: Display: Loaded TargetPlatform 'Android_ASTCClient'
[2022.04.05-14.41.14:025][  0]LogTargetPlatformManager: Display: Loaded TargetPlatform 'Android_DXTClient'
[2022.04.05-14.41.14:025][  0]LogTargetPlatformManager: Display: Loaded TargetPlatform 'Android_ETC2Client'
[2022.04.05-14.41.14:025][  0]LogTargetPlatformManager: Display: Loaded TargetPlatform 'Android_Multi'
[2022.04.05-14.41.14:025][  0]LogTargetPlatformManager: Display: Loaded TargetPlatform 'Android_MultiClient'
[2022.04.05-14.41.14:046][  0]LogTargetPlatformManager: Display: Loaded TargetPlatform 'IOSClient'
[2022.04.05-14.41.14:046][  0]LogTargetPlatformManager: Display: Loaded TargetPlatform 'IOS'
[2022.04.05-14.41.14:056][  0]LogTargetPlatformManager: Display: Loaded TargetPlatform 'Linux'
[2022.04.05-14.41.14:061][  0]LogTargetPlatformManager: Display: Loaded TargetPlatform 'LinuxNoEditor'
[2022.04.05-14.41.14:067][  0]LogTargetPlatformManager: Display: Loaded TargetPlatform 'LinuxClient'
[2022.04.05-14.41.14:073][  0]LogTargetPlatformManager: Display: Loaded TargetPlatform 'LinuxServer'
[2022.04.05-14.41.14:082][  0]LogTargetPlatformManager: Display: Loaded TargetPlatform 'LinuxAArch64NoEditor'
[2022.04.05-14.41.14:087][  0]LogTargetPlatformManager: Display: Loaded TargetPlatform 'LinuxAArch64Client'
[2022.04.05-14.41.14:093][  0]LogTargetPlatformManager: Display: Loaded TargetPlatform 'LinuxAArch64Server'
[2022.04.05-14.41.14:115][  0]LogTargetPlatformManager: Display: Loaded TargetPlatform 'Lumin'
[2022.04.05-14.41.14:115][  0]LogTargetPlatformManager: Display: Loaded TargetPlatform 'LuminClient'
[2022.04.05-14.41.14:124][  0]LogTargetPlatformManager: Display: Loaded TargetPlatform 'MacNoEditor'
[2022.04.05-14.41.14:130][  0]LogTargetPlatformManager: Display: Loaded TargetPlatform 'Mac'
[2022.04.05-14.41.14:135][  0]LogTargetPlatformManager: Display: Loaded TargetPlatform 'MacClient'
[2022.04.05-14.41.14:140][  0]LogTargetPlatformManager: Display: Loaded TargetPlatform 'MacServer'
[2022.04.05-14.41.14:151][  0]LogTargetPlatformManager: Display: Loaded TargetPlatform 'TVOSClient'
[2022.04.05-14.41.14:151][  0]LogTargetPlatformManager: Display: Loaded TargetPlatform 'TVOS'
[2022.04.05-14.41.14:160][  0]LogTargetPlatformManager: Display: Loaded TargetPlatform 'WindowsNoEditor'
[2022.04.05-14.41.14:166][  0]LogTargetPlatformManager: Display: Loaded TargetPlatform 'Windows'
[2022.04.05-14.41.14:171][  0]LogTargetPlatformManager: Display: Loaded TargetPlatform 'WindowsClient'
[2022.04.05-14.41.14:177][  0]LogTargetPlatformManager: Display: Loaded TargetPlatform 'WindowsServer'
[2022.04.05-14.41.14:177][  0]LogTargetPlatformManager: Display: Building Assets For Windows
[2022.04.05-14.41.14:187][  0]LogAudioDebug: Display: Lib vorbis DLL was dynamically loaded.
[2022.04.05-14.41.14:227][  0]LogTextureFormatOodle: Display: Oodle Texture 2.9.0 init RDO Off
[2022.04.05-14.41.14:270][  0]LogRendererCore: Ray tracing is disabled. Reason: r.RayTracing=0.
[2022.04.05-14.41.14:270][  0]LogShaderCompilers: Guid format shader working directory is -6 characters bigger than the processId version (C:/Users/morin/OneDrive/Bureau/AH/CrazyKamikaze 4.27/Intermediate/Shaders/WorkingDirectory/4372/).
[2022.04.05-14.41.14:270][  0]LogShaderCompilers: Cleaned the shader compiler working directory 'C:/Users/morin/AppData/Local/Temp/UnrealShaderWorkingDir/A56BBAC644444DB3C3379EAF7F4FF785/'.
[2022.04.05-14.41.14:270][  0]LogXGEController: Cannot use XGE Controller as Incredibuild is not installed on this machine.
[2022.04.05-14.41.14:270][  0]LogShaderCompilers: Cannot use XGE Shader Compiler as Incredibuild is not installed on this machine.
[2022.04.05-14.41.14:271][  0]LogShaderCompilers: Display: Using Local Shader Compiler.
[2022.04.05-14.41.14:892][  0]LogDerivedDataCache: Display: Max Cache Size: 512 MB
[2022.04.05-14.41.15:032][  0]LogDerivedDataCache: Loaded boot cache 0.06s 96MB C:/Users/morin/AppData/Local/UnrealEngine/4.27/DerivedDataCache/Boot.ddc.
[2022.04.05-14.41.15:032][  0]LogDerivedDataCache: Display: Loaded Boot cache: C:/Users/morin/AppData/Local/UnrealEngine/4.27/DerivedDataCache/Boot.ddc
[2022.04.05-14.41.15:032][  0]LogDerivedDataCache: FDerivedDataBackendGraph:  Pak pak cache file C:/Users/morin/OneDrive/Bureau/AH/CrazyKamikaze 4.27/DerivedDataCache/DDC.ddp not found, will not use a pak cache.
[2022.04.05-14.41.15:032][  0]LogDerivedDataCache: Unable to find inner node Pak for hierarchical cache Hierarchy.
[2022.04.05-14.41.15:032][  0]LogDerivedDataCache: FDerivedDataBackendGraph:  CompressedPak pak cache file C:/Users/morin/OneDrive/Bureau/AH/CrazyKamikaze 4.27/DerivedDataCache/Compressed.ddp not found, will not use a pak cache.
[2022.04.05-14.41.15:032][  0]LogDerivedDataCache: Unable to find inner node CompressedPak for hierarchical cache Hierarchy.
[2022.04.05-14.41.15:049][  0]LogDerivedDataCache: Display: Pak cache opened for reading ../../../Engine/DerivedDataCache/Compressed.ddp.
[2022.04.05-14.41.15:049][  0]LogDerivedDataCache: FDerivedDataBackendGraph:  EnterprisePak pak cache file ../../../Enterprise/DerivedDataCache/Compressed.ddp not found, will not use a pak cache.
[2022.04.05-14.41.15:049][  0]LogDerivedDataCache: Unable to find inner node EnterprisePak for hierarchical cache Hierarchy.
[2022.04.05-14.41.15:061][  0]LogDerivedDataCache: Speed tests for C:/Users/morin/AppData/Local/UnrealEngine/Common/DerivedDataCache took 0.01 seconds
[2022.04.05-14.41.15:061][  0]LogDerivedDataCache: Display: Performance to C:/Users/morin/AppData/Local/UnrealEngine/Common/DerivedDataCache: Latency=0.03ms. RandomReadSpeed=1268.16MBs, RandomWriteSpeed=91.79MBs. Assigned SpeedClass 'Local'
[2022.04.05-14.41.15:062][  0]LogDerivedDataCache: Using Local data cache path C:/Users/morin/AppData/Local/UnrealEngine/Common/DerivedDataCache: Writable
[2022.04.05-14.41.15:062][  0]LogDerivedDataCache: Shared data cache path not found in *engine.ini, will not use an Shared cache.
[2022.04.05-14.41.15:062][  0]LogDerivedDataCache: Unable to find inner node Shared for hierarchical cache Hierarchy.
[2022.04.05-14.41.15:103][  0]LogSlate: Using FreeType 2.10.0
[2022.04.05-14.41.15:103][  0]LogSlate: SlateFontServices - WITH_FREETYPE: 1, WITH_HARFBUZZ: 1
[2022.04.05-14.41.15:126][  0]LogAssetRegistry: FAssetRegistry took 0.0034 seconds to start up
[2022.04.05-14.41.15:361][  0]LogInit: Selected Device Profile: [Windows]
[2022.04.05-14.41.15:361][  0]LogInit: Active device profile: [0000020DBE7D8900][0000020DBF76D780 49] Windows
[2022.04.05-14.41.15:361][  0]LogInit: Profiles: [0000020DBE7D8900][0000020DBF76D780 49] Windows, [0000020DBE77F800][0000020DBE0F1900 49] WindowsNoEditor, [0000020DBE7DB500][0000020DC036FA80 49] WindowsServer, [0000020DBE77CE00][0000020DC037DC00 49] WindowsClient, [0000020DBE7DB800][0000020DC0380200 49] IOS, [0000020DBE77E800][0000020DC0384380 49] iPadAir, [0000020DBE7DA000][0000020DC0388500 49] iPadAir2, [0000020DC061CA00][0000020DC0392740 49] IPadPro, [0000020DC061CB00][0000020DB4DEC780 49] iPadAir3, [0000020DBE77D900][0000020DC039C8C0 49] iPadAir4, [0000020DC061F400][0000020DBE27EA40 49] iPadMini2, [0000020DBE77EA00][0000020DBE282BC0 49] iPadMini3, [0000020DC061D700][0000020DBE286D40 49] iPadMini4, [0000020DBE7D9100][0000020DBE28AEC0 49] iPadMini5, [0000020DBE784300][0000020DBE293180 49] iPhone6, [0000020DBE784400][0000020DBE28F1C0 49] iPodTouch6, [0000020DC0617F00][0000020DBE29B480 49] iPhone7, [0000020DC0617E00][0000020DBE2974C0 49] iPodTouch7, [0000020DBE77E000][0000020DBE29F640 49] iPhone5S, [0000020DC0615A00][0000020DBE2A37C0 49] iPhone6Plus, [0000020DBE784200][0000020DBE2A7940 49] iPhone6S, [0000020DC0614600][0000020DBE2ABAC0 49] iPhone6SPlus, [0000020DBE786900][0000020DBE2AE0C0 49] iPhone7Plus, [0000020DC0617100][0000020DBE2B2240 49] iPhoneSE, [0000020DBE786200][0000020DBE2B63C0 49] iPhone8, [0000020DC0617B00][0000020DBE2BA540 49] iPhone8Plus, [0000020DBE784A00][0000020DBE2BE6C0 49] iPhoneX, [0000020DC0615400][0000020DBE27A800 49] iPhoneXS, [0000020DBE787900][0000020DBE2C2940 49] iPhoneXSMax, [0000020DC0614900][0000020DBE2C6A80 49] iPhoneXR, [0000020DBE786F00][0000020DBE2CABC0 49] iPhone11, [0000020DC0615300][0000020DBE2D2D40 49] iPhone11Pro, [0000020DBE785000][0000020DBE2D6EC0 49] iPhone11ProMax, [0000020DC0616A00][0000020DBE2DB040 49] iPhoneSE2, [0000020DBE785400][0000020DBE2DF1C0 49] iPhone12Mini, [0000020DC0616400][0000020DBE2E3340 49] iPhone12, [0000020DBE784D00][0000020DBE2E74C0 49] iPhone12Pro, [0000020DC0616B00][0000020DBE2EB640 49] iPhone12ProMax, [0000020DBE787000][0000020DBE2EF7C0 49] iPadPro105, [0000020DC0614700][0000020DBE2F3940 49] iPadPro129, [0000020DBE786800][0000020DBF37DAC0 49] iPadPro97, [0000020DC0616600][0000020DBF3800C0 49] iPadPro2_129, [0000020DBE787C00][0000020DBF384240 49] iPad5, [0000020DC0616200][0000020DBF3883C0 49] iPad6, [0000020DBE784F00][0000020DBF38C540 49] iPad7, [0000020DC0616D00][0000020DBF3906C0 49] iPad8, [0000020DBE785100][0000020DBF394840 49] iPadPro11, [0000020DC0615600][0000020DBE2CE980 49] iPadPro2_11, [0000020DBE787400][0000020DBF398AC0 49] iPadPro3_129, [0000020DC0616800][0000020DBF39CC00 49] iPadPro4_129, [0000020DBE787A00][0000020DBF3A0D40 49] AppleTV, [0000020DC0616100][0000020DBF3A8EC0 49] AppleTV4K, [0000020DBE785F00][0000020DBF3AD040 49] TVOS, [0000020DC0617400][0000020DBF3B11C0 49] Mac, [0000020DBE787800][0000020DBF3B5340 49] MacClient, [0000020DC0615E00][0000020DBF3B94C0 49] MacNoEditor, [0000020DBE787F00][0000020DBF3BD640 49] MacServer, [0000020DC0617500][0000020DBF3C17C0 49] Linux, [0000020DBE784C00][0000020DBF3C5940 49] LinuxAArch64, [0000020DC0616F00][0000020DBF3C9AC0 49] LinuxNoEditor, [0000020DBE784B00][0000020DBF3CC0C0 49] LinuxAArch64NoEditor, [0000020DC0617700][0000020DBF3D0240 49] LinuxClient, [0000020DBE785A00][0000020DBF3D43C0 49] LinuxAArch64Client, [0000020DC0615000][0000020DBF3D8540 49] LinuxServer, [0000020DBE786500][0000020DBF3DC6C0 49] LinuxAArch64Server, [0000020DC0615900][0000020DBF3E0840 49] Android, [0000020DBE785300][0000020DBF3E49C0 49] Android_Low, [0000020DC0616700][0000020DBF3E8B40 49] Android_Mid, [0000020DBE786B00][0000020DBF3A4C80 49] Android_High, [0000020DC0617800][0000020DBF3ECDC0 49] Android_Default, [0000020DBE785600][0000020DBF3F0F00 49] Android_Adreno4xx, [0000020DC0615500][0000020DBF3F9080 49] Android_Adreno5xx_Low, [0000020DC061F600][0000020DBF3FD200 49] Android_Adreno5xx, [0000020DBE77D800][0000020DBF401380 49] Android_Adreno6xx, [0000020DC061D200][0000020DBF405500 49] Android_Adreno6xx_Vulkan, [0000020DBE77FC00][0000020DBF409680 49] Android_Mali_T6xx, [0000020DC061D100][0000020DBFC65800 49] Android_Mali_T7xx, [0000020DBE77D600][0000020DBFC69980 49] Android_Mali_T8xx, [0000020DC061DE00][0000020DBFC6DB00 49] Android_Mali_G71, [0000020DBE77C500][0000020DBFC70100 49] Android_Mali_G72, [0000020DC061C800][0000020DBFC74280 49] Android_Mali_G72_Vulkan, [0000020DBE77D300][0000020DBFC78400 49] Android_Mali_G76, [0000020DC061C100][0000020DBFC7C580 49] Android_Mali_G76_Vulkan, [0000020DBE77DF00][0000020DBFC80700 49] Android_Mali_G77, [0000020DC061D000][0000020DBFC84880 49] Android_Mali_G77_Vulkan, [0000020DBE77CA00][0000020DBFC88A00 49] Android_Mali_G78, [0000020DC061EC00][0000020DBFC8CB80 49] Android_Mali_G78_Vulkan, [0000020DBE77F600][0000020DBFC90D00 49] Android_Mali_G710, [0000020DC061EA00][0000020DBF3F4E40 49] Android_Mali_G710_Vulkan, [0000020DBE77FF00][0000020DBFC94F80 49] Android_Vulkan_SM5, [0000020DC061FB00][0000020DBFC990C0 49] Android_PowerVR_G6xxx, [0000020DBE77FB00][0000020DBFCA1240 49] Android_PowerVR_GT7xxx, [0000020DC061F900][0000020DBFCA53C0 49] Android_PowerVR_GE8xxx, [0000020DBE77CC00][0000020DBFCA9540 49] Android_PowerVR_GM9xxx, [0000020DC061E700][0000020DBFCAD6C0 49] Android_PowerVR_GM9xxx_Vulkan, [0000020DBE77E700][0000020DBFCB1840 49] Android_TegraK1, [0000020DC061C900][0000020DBFCB59C0 49] Android_Unknown_Vulkan, [0000020DBE77DD00][0000020DBFCB9B40 49] Lumin, [0000020DC061C500][0000020DBFCBC140 49] Lumin_Desktop, [0000020DBE77F300][0000020DBFCC02C0 49] HoloLens, 
[2022.04.05-14.41.15:492][  0]LogMeshReduction: Using QuadricMeshReduction for automatic static mesh reduction
[2022.04.05-14.41.15:492][  0]LogMeshReduction: Using SimplygonMeshReduction for automatic skeletal mesh reduction
[2022.04.05-14.41.15:492][  0]LogMeshReduction: Using ProxyLODMeshReduction for automatic mesh merging
[2022.04.05-14.41.15:492][  0]LogMeshReduction: No distributed automatic mesh merging module available
[2022.04.05-14.41.15:492][  0]LogMeshMerging: No distributed automatic mesh merging module available
[2022.04.05-14.41.15:508][  0]LogNetVersion: CrazyKamikaze 1.0.0, NetCL: 17155196, EngineNetVer: 17, GameNetVer: 0 (Checksum: 1030136456)
[2022.04.05-14.41.15:859][  0]LogTexture: Default maximum texture size for cubemaps generated from long-lat sources has been changed from 512 to unlimited. In order to preserve old behaiour for '/Engine/MapTemplates/Sky/DaylightAmbientCubemap.DaylightAmbientCubemap', its maximum texture size has been explicitly set to 512.
[2022.04.05-14.41.15:917][  0]LogHMD: PokeAHoleMaterial loaded successfully
[2022.04.05-14.41.15:923][  0]LogUObjectArray: 17178 objects as part of root set at end of initial load.
[2022.04.05-14.41.15:923][  0]LogUObjectAllocator: 4302048 out of 0 bytes used by permanent object pool.
[2022.04.05-14.41.15:923][  0]LogUObjectArray: CloseDisregardForGC: 0/0 objects in disregard for GC pool
[2022.04.05-14.41.16:214][  0]LogPython: Using Python 3.7.7
[2022.04.05-14.41.16:707][  0]LogNiagaraDebuggerClient: Niagara Debugger Client Initialized | Session: 6040BC784A1AAA0786343BA371FB15BF | Instance: AFE4D9254E52DA6513F8E68008DC6187 (LAPTOP-OFGU75TO-4372).
[2022.04.05-14.41.16:862][  0]LogUdpMessaging: Initializing bridge on interface 0.0.0.0:0 to multicast group 230.0.0.1:6666.
[2022.04.05-14.41.16:872][  0]LogTcpMessaging: Initializing TcpMessaging bridge
[2022.04.05-14.41.17:211][  0]LogOpenImageDenoise: OIDN starting up
[2022.04.05-14.41.17:227][  0]SourceControl: Source control is disabled
[2022.04.05-14.41.17:227][  0]SourceControl: Source control is disabled
[2022.04.05-14.41.17:231][  0]SourceControl: Source control is disabled
[2022.04.05-14.41.17:235][  0]SourceControl: Source control is disabled
[2022.04.05-14.41.17:239][  0]SourceControl: Source control is disabled
[2022.04.05-14.41.17:248][  0]LogUProjectInfo: Found projects:
[2022.04.05-14.41.17:319][  0]LogAndroidPermission: UAndroidPermissionCallbackProxy::GetInstance
[2022.04.05-14.41.17:327][  0]LogAudioCaptureCore: Display: No Audio Capture implementations found. Audio input will be silent.
[2022.04.05-14.41.17:327][  0]LogAudioCaptureCore: Display: No Audio Capture implementations found. Audio input will be silent.
[2022.04.05-14.41.17:535][  0]LogCollectionManager: Loaded 0 collections in 0.000666 seconds
[2022.04.05-14.41.17:564][  0]LogFileCache: Scanning file cache for directory 'C:/Users/morin/OneDrive/Bureau/AH/CrazyKamikaze 4.27/Saved/Collections/' took 0.00s
[2022.04.05-14.41.17:564][  0]LogFileCache: Scanning file cache for directory 'C:/Users/morin/OneDrive/Bureau/AH/CrazyKamikaze 4.27/Content/Developers/morin/Collections/' took 0.00s
[2022.04.05-14.41.17:564][  0]LogFileCache: Scanning file cache for directory 'C:/Users/morin/OneDrive/Bureau/AH/CrazyKamikaze 4.27/Content/Collections/' took 0.00s
[2022.04.05-14.41.17:564][  0]LogOcInput: OculusInput pre-init called
[2022.04.05-14.41.17:765][  0]LogEngine: Initializing Engine...
[2022.04.05-14.41.18:002][  0]LogHMD: Failed to enumerate extensions. Please check that you have a valid OpenXR runtime installed.
[2022.04.05-14.41.18:023][  0]LogHMD: Failed to initialize OpenVR with code 110
[2022.04.05-14.41.18:068][  0]LogMagicLeap: Warning: VR disabled because ZI is not enabled.  To enable, in the editor, Edit -> Project Settings -> Plugins -> Magic Leap Plugin -> Enable Zero Iteration
[2022.04.05-14.41.18:069][  0]LogStats: UGameplayTagsManager::InitializeManager -  0.000 s
[2022.04.05-14.41.18:184][  0]LogInit: Initializing FReadOnlyCVARCache
[2022.04.05-14.41.18:194][  0]LogAIModule: Creating AISystem for world Untitled
[2022.04.05-14.41.18:200][  0]LogAudio: Display: Initializing Audio Device Manager...
[2022.04.05-14.41.18:204][  0]LogAudio: Display: Loading Default Audio Settings Objects...
[2022.04.05-14.41.18:205][  0]LogAudio: Display: No default SoundConcurrencyObject specified (or failed to load).
[2022.04.05-14.41.18:205][  0]LogAudio: Display: Audio Device Manager Initialized
[2022.04.05-14.41.18:205][  0]LogAudio: Display: Creating Audio Device:                 Id: 1, Scope: Shared, Realtime: True
[2022.04.05-14.41.18:205][  0]LogAudioMixer: Display: Audio Mixer Platform Settings:
[2022.04.05-14.41.18:205][  0]LogAudioMixer: Display: 	Sample Rate:						  48000
[2022.04.05-14.41.18:205][  0]LogAudioMixer: Display: 	Callback Buffer Frame Size Requested: 1024
[2022.04.05-14.41.18:205][  0]LogAudioMixer: Display: 	Callback Buffer Frame Size To Use:	  1024
[2022.04.05-14.41.18:205][  0]LogAudioMixer: Display: 	Number of buffers to queue:			  2
[2022.04.05-14.41.18:205][  0]LogAudioMixer: Display: 	Max Channels (voices):				  32
[2022.04.05-14.41.18:205][  0]LogAudioMixer: Display: 	Number of Async Source Workers:		  0
[2022.04.05-14.41.18:205][  0]LogAudio: Display: AudioDevice MaxSources: 32
[2022.04.05-14.41.18:206][  0]LogAudio: Display: Audio Spatialization Plugin: None (built-in).
[2022.04.05-14.41.18:206][  0]LogAudio: Display: Audio Reverb Plugin: None (built-in).
[2022.04.05-14.41.18:206][  0]LogAudio: Display: Audio Occlusion Plugin: None (built-in).
[2022.04.05-14.41.18:206][  0]LogAudioMixer: Display: Initializing audio mixer.
[2022.04.05-14.41.18:219][  0]LogAudioMixer: Display: 0: FrontLeft
[2022.04.05-14.41.18:219][  0]LogAudioMixer: Display: 1: FrontRight
[2022.04.05-14.41.18:369][  0]LogAudioMixer: Display: Using Audio Device Haut-parleurs (Realtek(R) Audio)
[2022.04.05-14.41.18:371][  0]LogAudioMixer: Display: Initializing Sound Submixes...
[2022.04.05-14.41.18:373][  0]LogAudioMixer: Display: Creating Master Submix 'MasterSubmixDefault'
[2022.04.05-14.41.18:373][  0]LogAudioMixer: Display: Creating Master Submix 'MasterReverbSubmixDefault'
[2022.04.05-14.41.18:374][  0]LogAudioMixer: Display: Creating Master Submix 'MasterEQSubmixDefault'
[2022.04.05-14.41.18:374][  0]LogAudioMixer: FMixerPlatformXAudio2::StartAudioStream() called
[2022.04.05-14.41.18:374][  0]LogAudioMixer: Display: Output buffers initialized: Frames=1024, Channels=2, Samples=2048
[2022.04.05-14.41.18:376][  0]LogAudioMixer: Display: Starting AudioMixerPlatformInterface::RunInternal()
[2022.04.05-14.41.18:376][  0]LogAudioMixer: Display: FMixerPlatformXAudio2::SubmitBuffer() called for the first time
[2022.04.05-14.41.18:376][  0]LogInit: FAudioDevice initialized.
[2022.04.05-14.41.18:376][  0]LogAudio: Display: Audio Device (ID: 1) registered with world 'Untitled'.
[2022.04.05-14.41.18:376][  0]LogNetVersion: Set ProjectVersion to 1.0.0.0. Version Checksum will be recalculated on next use.
[2022.04.05-14.41.18:437][  0]LogDerivedDataCache: Saved boot cache 0.06s 96MB C:/Users/morin/AppData/Local/UnrealEngine/4.27/DerivedDataCache/Boot.ddc.
[2022.04.05-14.41.18:438][  0]LogInit: Texture streaming: Enabled
[2022.04.05-14.41.18:453][  0]LogAnalytics: Display: [UEEditor.Rocket.Release] APIServer = https://datarouter.ol.epicgames.com/. AppVersion = 4.27.2-18319896+++UE4+Release-4.27
[2022.04.05-14.41.18:460][  0]LogEngineSessionManager: EngineSessionManager initialized
[2022.04.05-14.41.18:460][  0]LogEditorSessionSummary: Verbose: Initializing EditorSessionSummaryWriter for editor session tracking
[2022.04.05-14.41.18:464][  0]LogEditorSessionSummary: EditorSessionSummaryWriter initialized
[2022.04.05-14.41.18:496][  0]LogInit: Transaction tracking system initialized
[2022.04.05-14.41.18:522][  0]BlueprintLog: New page: Editor Load
[2022.04.05-14.41.18:596][  0]LocalizationService: Localization service is disabled
[2022.04.05-14.41.18:625][  0]TimingProfiler: Initialize
[2022.04.05-14.41.18:625][  0]TimingProfiler: OnSessionChanged
[2022.04.05-14.41.18:625][  0]LoadingProfiler: Initialize
[2022.04.05-14.41.18:625][  0]LoadingProfiler: OnSessionChanged
[2022.04.05-14.41.18:625][  0]NetworkingProfiler: Initialize
[2022.04.05-14.41.18:625][  0]NetworkingProfiler: OnSessionChanged
[2022.04.05-14.41.18:625][  0]MemoryProfiler: Initialize
[2022.04.05-14.41.18:625][  0]MemoryProfiler: OnSessionChanged
[2022.04.05-14.41.18:944][  0]LogCook: Display: CookSettings for Memory: MemoryMaxUsedVirtual 0MiB, MemoryMaxUsedPhysical 16384MiB, MemoryMinFreeVirtual 0MiB, MemoryMinFreePhysical 1024MiB
[2022.04.05-14.41.18:944][  0]LogCook: Display: Mobile HDR setting 1
[2022.04.05-14.41.19:151][  0]LogFileCache: Scanning file cache for directory 'C:/Users/morin/OneDrive/Bureau/AH/CrazyKamikaze 4.27/Content/' took 0.00s
[2022.04.05-14.41.19:292][  0]LogInit: Display: Engine is initialized. Leaving FEngineLoop::Init()
[2022.04.05-14.41.19:296][  0]SourceControl: Source control is disabled
[2022.04.05-14.41.19:296][  0]LogUnrealEdMisc: Loading editor; pre map load, took 7.171
[2022.04.05-14.41.19:296][  0]Cmd: MAP LOAD FILE="C:/Users/morin/OneDrive/Bureau/AH/CrazyKamikaze 4.27/Content/FlyingBP/Maps/FlyingExampleMap.umap" TEMPLATE=0 SHOWPROGRESS=1 FEATURELEVEL=3
[2022.04.05-14.41.19:296][  0]LightingResults: New page: Lighting Build
[2022.04.05-14.41.19:297][  0]LogWorld: UWorld::CleanupWorld for Untitled, bSessionEnded=true, bCleanupResources=true
[2022.04.05-14.41.19:297][  0]LogSlate: InvalidateAllWidgets triggered.  All widgets were invalidated
[2022.04.05-14.41.19:298][  0]MapCheck: New page: Map Check
[2022.04.05-14.41.19:298][  0]LightingResults: New page: Lighting Build
[2022.04.05-14.41.19:301][  0]LogAudio: Display: Audio Device unregistered from world 'None'.
[2022.04.05-14.41.19:303][  0]LogUObjectHash: Compacting FUObjectHashTables data took   0.79ms
[2022.04.05-14.41.19:535][  0]LogLinker: Warning: [AssetLog] C:\Users\morin\OneDrive\Bureau\AH\CrazyKamikaze 4.27\Content\FlyingBP\Maps\FlyingExampleMap.umap: Failed to load '/Game/FlyingBP/Maps/FlyingExampleMap_BuiltData': Can't find file.
[2022.04.05-14.41.19:535][  0]LogLinker: Warning: [AssetLog] C:\Users\morin\OneDrive\Bureau\AH\CrazyKamikaze 4.27\Content\FlyingBP\Maps\FlyingExampleMap.umap: Failed to load '/Game/FlyingBP/Maps/FlyingExampleMap_BuiltData': Can't find file.
[2022.04.05-14.41.19:537][  0]LogLinker: Warning: [AssetLog] C:\Users\morin\OneDrive\Bureau\AH\CrazyKamikaze 4.27\Content\FlyingBP\Maps\FlyingExampleMap.umap: Failed to load '/Game/FlyingBP/Maps/FlyingExampleMap_BuiltData': Can't find file.
[2022.04.05-14.41.19:539][  0]LogLinker: Warning: Failed to load '/Game/FlyingBP/Maps/FlyingExampleMap_BuiltData': Can't find file.
[2022.04.05-14.41.19:539][  0]LogLinker: Warning: Failed to load '/Game/FlyingBP/Maps/FlyingExampleMap_BuiltData': Can't find file.
[2022.04.05-14.41.19:647][  0]LogLinker: Warning: [AssetLog] C:\Users\morin\OneDrive\Bureau\AH\CrazyKamikaze 4.27\Content\FlyingBP\Maps\FlyingExampleMap.umap: Failed to load '/Game/FlyingBP/Maps/FlyingExampleMap_BuiltData': Can't find file.
[2022.04.05-14.41.19:647][  0]LoadErrors: Failed to load /Game/FlyingBP/Maps/FlyingExampleMap_BuiltData.FlyingExampleMap_BuiltData Referenced by PersistentLevel
[2022.04.05-14.41.19:963][  0]LogAudio: Display: Audio Device (ID: 1) registered with world 'FlyingExampleMap'.
[2022.04.05-14.41.19:964][  0]LogAIModule: Creating AISystem for world FlyingExampleMap
[2022.04.05-14.41.20:341][  0]LogEditorServer: Finished looking for orphan Actors (0.000 secs)
[2022.04.05-14.41.20:410][  0]LogUObjectHash: Compacting FUObjectHashTables data took   0.82ms
[2022.04.05-14.41.20:410][  0]Cmd: MAP CHECKDEP NOCLEARLOG
[2022.04.05-14.41.20:410][  0]MapCheck: Map check complete: 0 Error(s), 0 Warning(s), took 0,22ms to complete.
[2022.04.05-14.41.20:410][  0]LogFileHelpers: Loading map 'FlyingExampleMap' took 1.114
[2022.04.05-14.41.20:427][  0]LogUnrealEdMisc: Total Editor Startup Time, took 8.302
[2022.04.05-14.41.22:810][  0]LogSlate: Updating window title bar state: overlay mode, drag disabled, window buttons hidden, title bar hidden
[2022.04.05-14.41.22:868][  0]LogSlate: Updating window title bar state: overlay mode, drag disabled, window buttons hidden, title bar hidden
[2022.04.05-14.41.22:873][  0]LogSlate: Updating window title bar state: overlay mode, drag disabled, window buttons hidden, title bar hidden
[2022.04.05-14.41.22:879][  0]LogSlate: Updating window title bar state: overlay mode, drag disabled, window buttons hidden, title bar hidden
[2022.04.05-14.41.23:644][  0]LogNativeClassHierarchy: Verbose: Native class hierarchy populated in 0.0101 seconds. Added 3822 classes and 928 folders.
[2022.04.05-14.41.23:943][  0]LogNativeClassHierarchy: Verbose: Native class hierarchy updated for 'WidgetCarousel' in 0.0005 seconds. Added 0 classes and 0 folders.
[2022.04.05-14.41.24:337][  0]LogPakFile: PakFile PrimaryIndexSize=187
[2022.04.05-14.41.24:337][  0]LogPakFile: PakFile PathHashIndexSize=101
[2022.04.05-14.41.24:337][  0]LogPakFile: PakFile FullDirectoryIndexSize=148
[2022.04.05-14.41.24:522][  0]LogShaderLibrary: Display: ShaderCodeLibraryPakFileMountedCallback: PakFile 'D:/unreal/UE_4.27/FeaturePacks/FP_FirstPerson.upack' (chunk index -1, root 'root:/') mounted
[2022.04.05-14.41.24:522][  0]LogShaderLibrary: Display: ShaderCodeLibraryPakFileMountedCallback: pending pak file info (ChunkID:-1 Root:root:/ File:D:/unreal/UE_4.27/FeaturePacks/FP_FirstPerson.upack)
[2022.04.05-14.41.24:546][  0]LogPakFile: OnPakFileMounted2Time == 0.208305
[2022.04.05-14.41.24:605][  0]LogPakFile: PakFile PrimaryIndexSize=189
[2022.04.05-14.41.24:605][  0]LogPakFile: PakFile PathHashIndexSize=101
[2022.04.05-14.41.24:605][  0]LogPakFile: PakFile FullDirectoryIndexSize=152
[2022.04.05-14.41.24:606][  0]LogShaderLibrary: Display: ShaderCodeLibraryPakFileMountedCallback: PakFile 'D:/unreal/UE_4.27/FeaturePacks/FP_FirstPersonBP.upack' (chunk index -1, root 'root:/') mounted
[2022.04.05-14.41.24:606][  0]LogShaderLibrary: Display: ShaderCodeLibraryPakFileMountedCallback: pending pak file info (ChunkID:-1 Root:root:/ File:D:/unreal/UE_4.27/FeaturePacks/FP_FirstPersonBP.upack)
[2022.04.05-14.41.24:606][  0]LogPakFile: OnPakFileMounted2Time == 0.000082
[2022.04.05-14.41.24:642][  0]LogPakFile: PakFile PrimaryIndexSize=191
[2022.04.05-14.41.24:642][  0]LogPakFile: PakFile PathHashIndexSize=101
[2022.04.05-14.41.24:642][  0]LogPakFile: PakFile FullDirectoryIndexSize=160
[2022.04.05-14.41.24:642][  0]LogShaderLibrary: Display: ShaderCodeLibraryPakFileMountedCallback: PakFile 'D:/unreal/UE_4.27/FeaturePacks/MobileStarterContent.upack' (chunk index -1, root 'root:/') mounted
[2022.04.05-14.41.24:642][  0]LogShaderLibrary: Display: ShaderCodeLibraryPakFileMountedCallback: pending pak file info (ChunkID:-1 Root:root:/ File:D:/unreal/UE_4.27/FeaturePacks/MobileStarterContent.upack)
[2022.04.05-14.41.24:642][  0]LogPakFile: OnPakFileMounted2Time == 0.000066
[2022.04.05-14.41.24:721][  0]LogPakFile: PakFile PrimaryIndexSize=185
[2022.04.05-14.41.24:721][  0]LogPakFile: PakFile PathHashIndexSize=101
[2022.04.05-14.41.24:721][  0]LogPakFile: PakFile FullDirectoryIndexSize=148
[2022.04.05-14.41.24:721][  0]LogShaderLibrary: Display: ShaderCodeLibraryPakFileMountedCallback: PakFile 'D:/unreal/UE_4.27/FeaturePacks/StarterContent.upack' (chunk index -1, root 'root:/') mounted
[2022.04.05-14.41.24:721][  0]LogShaderLibrary: Display: ShaderCodeLibraryPakFileMountedCallback: pending pak file info (ChunkID:-1 Root:root:/ File:D:/unreal/UE_4.27/FeaturePacks/StarterContent.upack)
[2022.04.05-14.41.24:721][  0]LogPakFile: OnPakFileMounted2Time == 0.000036
[2022.04.05-14.41.24:781][  0]LogPakFile: PakFile PrimaryIndexSize=190
[2022.04.05-14.41.24:781][  0]LogPakFile: PakFile PathHashIndexSize=101
[2022.04.05-14.41.24:781][  0]LogPakFile: PakFile FullDirectoryIndexSize=154
[2022.04.05-14.41.24:781][  0]LogShaderLibrary: Display: ShaderCodeLibraryPakFileMountedCallback: PakFile 'D:/unreal/UE_4.27/FeaturePacks/TP_2DSideScroller.upack' (chunk index -1, root 'root:/') mounted
[2022.04.05-14.41.24:781][  0]LogShaderLibrary: Display: ShaderCodeLibraryPakFileMountedCallback: pending pak file info (ChunkID:-1 Root:root:/ File:D:/unreal/UE_4.27/FeaturePacks/TP_2DSideScroller.upack)
[2022.04.05-14.41.24:781][  0]LogPakFile: OnPakFileMounted2Time == 0.000065
[2022.04.05-14.41.24:786][  0]LogPakFile: PakFile PrimaryIndexSize=192
[2022.04.05-14.41.24:786][  0]LogPakFile: PakFile PathHashIndexSize=101
[2022.04.05-14.41.24:786][  0]LogPakFile: PakFile FullDirectoryIndexSize=158
[2022.04.05-14.41.24:786][  0]LogShaderLibrary: Display: ShaderCodeLibraryPakFileMountedCallback: PakFile 'D:/unreal/UE_4.27/FeaturePacks/TP_2DSideScrollerBP.upack' (chunk index -1, root 'root:/') mounted
[2022.04.05-14.41.24:786][  0]LogShaderLibrary: Display: ShaderCodeLibraryPakFileMountedCallback: pending pak file info (ChunkID:-1 Root:root:/ File:D:/unreal/UE_4.27/FeaturePacks/TP_2DSideScrollerBP.upack)
[2022.04.05-14.41.24:786][  0]LogPakFile: OnPakFileMounted2Time == 0.000072
[2022.04.05-14.41.24:838][  0]LogPakFile: PakFile PrimaryIndexSize=182
[2022.04.05-14.41.24:838][  0]LogPakFile: PakFile PathHashIndexSize=101
[2022.04.05-14.41.24:838][  0]LogPakFile: PakFile FullDirectoryIndexSize=138
[2022.04.05-14.41.24:838][  0]LogShaderLibrary: Display: ShaderCodeLibraryPakFileMountedCallback: PakFile 'D:/unreal/UE_4.27/FeaturePacks/TP_Flying.upack' (chunk index -1, root 'root:/') mounted
[2022.04.05-14.41.24:838][  0]LogShaderLibrary: Display: ShaderCodeLibraryPakFileMountedCallback: pending pak file info (ChunkID:-1 Root:root:/ File:D:/unreal/UE_4.27/FeaturePacks/TP_Flying.upack)
[2022.04.05-14.41.24:838][  0]LogPakFile: OnPakFileMounted2Time == 0.000066
[2022.04.05-14.41.24:844][  0]LogPakFile: PakFile PrimaryIndexSize=184
[2022.04.05-14.41.24:844][  0]LogPakFile: PakFile PathHashIndexSize=101
[2022.04.05-14.41.24:844][  0]LogPakFile: PakFile FullDirectoryIndexSize=142
[2022.04.05-14.41.24:844][  0]LogShaderLibrary: Display: ShaderCodeLibraryPakFileMountedCallback: PakFile 'D:/unreal/UE_4.27/FeaturePacks/TP_FlyingBP.upack' (chunk index -1, root 'root:/') mounted
[2022.04.05-14.41.24:844][  0]LogShaderLibrary: Display: ShaderCodeLibraryPakFileMountedCallback: pending pak file info (ChunkID:-1 Root:root:/ File:D:/unreal/UE_4.27/FeaturePacks/TP_FlyingBP.upack)
[2022.04.05-14.41.24:844][  0]LogPakFile: OnPakFileMounted2Time == 0.000066
[2022.04.05-14.41.24:872][  0]LogPakFile: PakFile PrimaryIndexSize=188
[2022.04.05-14.41.24:872][  0]LogPakFile: PakFile PathHashIndexSize=101
[2022.04.05-14.41.24:872][  0]LogPakFile: PakFile FullDirectoryIndexSize=150
[2022.04.05-14.41.24:872][  0]LogShaderLibrary: Display: ShaderCodeLibraryPakFileMountedCallback: PakFile 'D:/unreal/UE_4.27/FeaturePacks/TP_HandheldARBP.upack' (chunk index -1, root 'root:/') mounted
[2022.04.05-14.41.24:872][  0]LogShaderLibrary: Display: ShaderCodeLibraryPakFileMountedCallback: pending pak file info (ChunkID:-1 Root:root:/ File:D:/unreal/UE_4.27/FeaturePacks/TP_HandheldARBP.upack)
[2022.04.05-14.41.24:872][  0]LogPakFile: OnPakFileMounted2Time == 0.000068
[2022.04.05-14.41.24:907][  0]LogPakFile: PakFile PrimaryIndexSize=182
[2022.04.05-14.41.24:907][  0]LogPakFile: PakFile PathHashIndexSize=101
[2022.04.05-14.41.24:907][  0]LogPakFile: PakFile FullDirectoryIndexSize=138
[2022.04.05-14.41.24:907][  0]LogShaderLibrary: Display: ShaderCodeLibraryPakFileMountedCallback: PakFile 'D:/unreal/UE_4.27/FeaturePacks/TP_Puzzle.upack' (chunk index -1, root 'root:/') mounted
[2022.04.05-14.41.24:907][  0]LogShaderLibrary: Display: ShaderCodeLibraryPakFileMountedCallback: pending pak file info (ChunkID:-1 Root:root:/ File:D:/unreal/UE_4.27/FeaturePacks/TP_Puzzle.upack)
[2022.04.05-14.41.24:907][  0]LogPakFile: OnPakFileMounted2Time == 0.000037
[2022.04.05-14.41.24:973][  0]LogPakFile: PakFile PrimaryIndexSize=184
[2022.04.05-14.41.24:973][  0]LogPakFile: PakFile PathHashIndexSize=101
[2022.04.05-14.41.24:973][  0]LogPakFile: PakFile FullDirectoryIndexSize=142
[2022.04.05-14.41.24:973][  0]LogShaderLibrary: Display: ShaderCodeLibraryPakFileMountedCallback: PakFile 'D:/unreal/UE_4.27/FeaturePacks/TP_PuzzleBP.upack' (chunk index -1, root 'root:/') mounted
[2022.04.05-14.41.24:973][  0]LogShaderLibrary: Display: ShaderCodeLibraryPakFileMountedCallback: pending pak file info (ChunkID:-1 Root:root:/ File:D:/unreal/UE_4.27/FeaturePacks/TP_PuzzleBP.upack)
[2022.04.05-14.41.24:973][  0]LogPakFile: OnPakFileMounted2Time == 0.000034
[2022.04.05-14.41.24:979][  0]LogPakFile: PakFile PrimaryIndexSize=183
[2022.04.05-14.41.24:979][  0]LogPakFile: PakFile PathHashIndexSize=101
[2022.04.05-14.41.24:979][  0]LogPakFile: PakFile FullDirectoryIndexSize=140
[2022.04.05-14.41.24:979][  0]LogShaderLibrary: Display: ShaderCodeLibraryPakFileMountedCallback: PakFile 'D:/unreal/UE_4.27/FeaturePacks/TP_Rolling.upack' (chunk index -1, root 'root:/') mounted
[2022.04.05-14.41.24:979][  0]LogShaderLibrary: Display: ShaderCodeLibraryPakFileMountedCallback: pending pak file info (ChunkID:-1 Root:root:/ File:D:/unreal/UE_4.27/FeaturePacks/TP_Rolling.upack)
[2022.04.05-14.41.24:979][  0]LogPakFile: OnPakFileMounted2Time == 0.000041
[2022.04.05-14.41.24:984][  0]LogPakFile: PakFile PrimaryIndexSize=185
[2022.04.05-14.41.24:984][  0]LogPakFile: PakFile PathHashIndexSize=101
[2022.04.05-14.41.24:984][  0]LogPakFile: PakFile FullDirectoryIndexSize=144
[2022.04.05-14.41.24:984][  0]LogShaderLibrary: Display: ShaderCodeLibraryPakFileMountedCallback: PakFile 'D:/unreal/UE_4.27/FeaturePacks/TP_RollingBP.upack' (chunk index -1, root 'root:/') mounted
[2022.04.05-14.41.24:984][  0]LogShaderLibrary: Display: ShaderCodeLibraryPakFileMountedCallback: pending pak file info (ChunkID:-1 Root:root:/ File:D:/unreal/UE_4.27/FeaturePacks/TP_RollingBP.upack)
[2022.04.05-14.41.24:984][  0]LogPakFile: OnPakFileMounted2Time == 0.000068
[2022.04.05-14.41.24:990][  0]LogPakFile: PakFile PrimaryIndexSize=188
[2022.04.05-14.41.24:990][  0]LogPakFile: PakFile PathHashIndexSize=101
[2022.04.05-14.41.24:990][  0]LogPakFile: PakFile FullDirectoryIndexSize=150
[2022.04.05-14.41.24:990][  0]LogShaderLibrary: Display: ShaderCodeLibraryPakFileMountedCallback: PakFile 'D:/unreal/UE_4.27/FeaturePacks/TP_SideScroller.upack' (chunk index -1, root 'root:/') mounted
[2022.04.05-14.41.24:990][  0]LogShaderLibrary: Display: ShaderCodeLibraryPakFileMountedCallback: pending pak file info (ChunkID:-1 Root:root:/ File:D:/unreal/UE_4.27/FeaturePacks/TP_SideScroller.upack)
[2022.04.05-14.41.24:990][  0]LogPakFile: OnPakFileMounted2Time == 0.000066
[2022.04.05-14.41.24:996][  0]LogPakFile: PakFile PrimaryIndexSize=190
[2022.04.05-14.41.24:996][  0]LogPakFile: PakFile PathHashIndexSize=101
[2022.04.05-14.41.24:996][  0]LogPakFile: PakFile FullDirectoryIndexSize=154
[2022.04.05-14.41.24:996][  0]LogShaderLibrary: Display: ShaderCodeLibraryPakFileMountedCallback: PakFile 'D:/unreal/UE_4.27/FeaturePacks/TP_SideScrollerBP.upack' (chunk index -1, root 'root:/') mounted
[2022.04.05-14.41.24:996][  0]LogShaderLibrary: Display: ShaderCodeLibraryPakFileMountedCallback: pending pak file info (ChunkID:-1 Root:root:/ File:D:/unreal/UE_4.27/FeaturePacks/TP_SideScrollerBP.upack)
[2022.04.05-14.41.24:996][  0]LogPakFile: OnPakFileMounted2Time == 0.000072
[2022.04.05-14.41.25:002][  0]LogPakFile: PakFile PrimaryIndexSize=187
[2022.04.05-14.41.25:002][  0]LogPakFile: PakFile PathHashIndexSize=101
[2022.04.05-14.41.25:002][  0]LogPakFile: PakFile FullDirectoryIndexSize=148
[2022.04.05-14.41.25:002][  0]LogShaderLibrary: Display: ShaderCodeLibraryPakFileMountedCallback: PakFile 'D:/unreal/UE_4.27/FeaturePacks/TP_ThirdPerson.upack' (chunk index -1, root 'root:/') mounted
[2022.04.05-14.41.25:002][  0]LogShaderLibrary: Display: ShaderCodeLibraryPakFileMountedCallback: pending pak file info (ChunkID:-1 Root:root:/ File:D:/unreal/UE_4.27/FeaturePacks/TP_ThirdPerson.upack)
[2022.04.05-14.41.25:002][  0]LogPakFile: OnPakFileMounted2Time == 0.000065
[2022.04.05-14.41.25:024][  0]LogPakFile: PakFile PrimaryIndexSize=189
[2022.04.05-14.41.25:024][  0]LogPakFile: PakFile PathHashIndexSize=101
[2022.04.05-14.41.25:024][  0]LogPakFile: PakFile FullDirectoryIndexSize=152
[2022.04.05-14.41.25:024][  0]LogShaderLibrary: Display: ShaderCodeLibraryPakFileMountedCallback: PakFile 'D:/unreal/UE_4.27/FeaturePacks/TP_ThirdPersonBP.upack' (chunk index -1, root 'root:/') mounted
[2022.04.05-14.41.25:024][  0]LogShaderLibrary: Display: ShaderCodeLibraryPakFileMountedCallback: pending pak file info (ChunkID:-1 Root:root:/ File:D:/unreal/UE_4.27/FeaturePacks/TP_ThirdPersonBP.upack)
[2022.04.05-14.41.25:024][  0]LogPakFile: OnPakFileMounted2Time == 0.000070
[2022.04.05-14.41.25:031][  0]LogPakFile: PakFile PrimaryIndexSize=183
[2022.04.05-14.41.25:031][  0]LogPakFile: PakFile PathHashIndexSize=101
[2022.04.05-14.41.25:031][  0]LogPakFile: PakFile FullDirectoryIndexSize=140
[2022.04.05-14.41.25:031][  0]LogShaderLibrary: Display: ShaderCodeLibraryPakFileMountedCallback: PakFile 'D:/unreal/UE_4.27/FeaturePacks/TP_TopDown.upack' (chunk index -1, root 'root:/') mounted
[2022.04.05-14.41.25:031][  0]LogShaderLibrary: Display: ShaderCodeLibraryPakFileMountedCallback: pending pak file info (ChunkID:-1 Root:root:/ File:D:/unreal/UE_4.27/FeaturePacks/TP_TopDown.upack)
[2022.04.05-14.41.25:031][  0]LogPakFile: OnPakFileMounted2Time == 0.000043
[2022.04.05-14.41.25:036][  0]LogPakFile: PakFile PrimaryIndexSize=185
[2022.04.05-14.41.25:036][  0]LogPakFile: PakFile PathHashIndexSize=101
[2022.04.05-14.41.25:036][  0]LogPakFile: PakFile FullDirectoryIndexSize=144
[2022.04.05-14.41.25:036][  0]LogShaderLibrary: Display: ShaderCodeLibraryPakFileMountedCallback: PakFile 'D:/unreal/UE_4.27/FeaturePacks/TP_TopDownBP.upack' (chunk index -1, root 'root:/') mounted
[2022.04.05-14.41.25:036][  0]LogShaderLibrary: Display: ShaderCodeLibraryPakFileMountedCallback: pending pak file info (ChunkID:-1 Root:root:/ File:D:/unreal/UE_4.27/FeaturePacks/TP_TopDownBP.upack)
[2022.04.05-14.41.25:036][  0]LogPakFile: OnPakFileMounted2Time == 0.000066
[2022.04.05-14.41.25:045][  0]LogPakFile: PakFile PrimaryIndexSize=185
[2022.04.05-14.41.25:045][  0]LogPakFile: PakFile PathHashIndexSize=101
[2022.04.05-14.41.25:045][  0]LogPakFile: PakFile FullDirectoryIndexSize=144
[2022.04.05-14.41.25:045][  0]LogShaderLibrary: Display: ShaderCodeLibraryPakFileMountedCallback: PakFile 'D:/unreal/UE_4.27/FeaturePacks/TP_TwinStick.upack' (chunk index -1, root 'root:/') mounted
[2022.04.05-14.41.25:045][  0]LogShaderLibrary: Display: ShaderCodeLibraryPakFileMountedCallback: pending pak file info (ChunkID:-1 Root:root:/ File:D:/unreal/UE_4.27/FeaturePacks/TP_TwinStick.upack)
[2022.04.05-14.41.25:045][  0]LogPakFile: OnPakFileMounted2Time == 0.000037
[2022.04.05-14.41.25:050][  0]LogPakFile: PakFile PrimaryIndexSize=187
[2022.04.05-14.41.25:050][  0]LogPakFile: PakFile PathHashIndexSize=101
[2022.04.05-14.41.25:050][  0]LogPakFile: PakFile FullDirectoryIndexSize=148
[2022.04.05-14.41.25:050][  0]LogShaderLibrary: Display: ShaderCodeLibraryPakFileMountedCallback: PakFile 'D:/unreal/UE_4.27/FeaturePacks/TP_TwinStickBP.upack' (chunk index -1, root 'root:/') mounted
[2022.04.05-14.41.25:050][  0]LogShaderLibrary: Display: ShaderCodeLibraryPakFileMountedCallback: pending pak file info (ChunkID:-1 Root:root:/ File:D:/unreal/UE_4.27/FeaturePacks/TP_TwinStickBP.upack)
[2022.04.05-14.41.25:050][  0]LogPakFile: OnPakFileMounted2Time == 0.000065
[2022.04.05-14.41.25:106][  0]LogPakFile: PakFile PrimaryIndexSize=183
[2022.04.05-14.41.25:106][  0]LogPakFile: PakFile PathHashIndexSize=101
[2022.04.05-14.41.25:106][  0]LogPakFile: PakFile FullDirectoryIndexSize=140
[2022.04.05-14.41.25:106][  0]LogShaderLibrary: Display: ShaderCodeLibraryPakFileMountedCallback: PakFile 'D:/unreal/UE_4.27/FeaturePacks/TP_Vehicle.upack' (chunk index -1, root 'root:/') mounted
[2022.04.05-14.41.25:106][  0]LogShaderLibrary: Display: ShaderCodeLibraryPakFileMountedCallback: pending pak file info (ChunkID:-1 Root:root:/ File:D:/unreal/UE_4.27/FeaturePacks/TP_Vehicle.upack)
[2022.04.05-14.41.25:106][  0]LogPakFile: OnPakFileMounted2Time == 0.000045
[2022.04.05-14.41.25:111][  0]LogPakFile: PakFile PrimaryIndexSize=186
[2022.04.05-14.41.25:111][  0]LogPakFile: PakFile PathHashIndexSize=101
[2022.04.05-14.41.25:111][  0]LogPakFile: PakFile FullDirectoryIndexSize=146
[2022.04.05-14.41.25:111][  0]LogShaderLibrary: Display: ShaderCodeLibraryPakFileMountedCallback: PakFile 'D:/unreal/UE_4.27/FeaturePacks/TP_VehicleAdv.upack' (chunk index -1, root 'root:/') mounted
[2022.04.05-14.41.25:111][  0]LogShaderLibrary: Display: ShaderCodeLibraryPakFileMountedCallback: pending pak file info (ChunkID:-1 Root:root:/ File:D:/unreal/UE_4.27/FeaturePacks/TP_VehicleAdv.upack)
[2022.04.05-14.41.25:111][  0]LogPakFile: OnPakFileMounted2Time == 0.000036
[2022.04.05-14.41.25:118][  0]LogPakFile: PakFile PrimaryIndexSize=188
[2022.04.05-14.41.25:118][  0]LogPakFile: PakFile PathHashIndexSize=101
[2022.04.05-14.41.25:118][  0]LogPakFile: PakFile FullDirectoryIndexSize=150
[2022.04.05-14.41.25:118][  0]LogShaderLibrary: Display: ShaderCodeLibraryPakFileMountedCallback: PakFile 'D:/unreal/UE_4.27/FeaturePacks/TP_VehicleAdvBP.upack' (chunk index -1, root 'root:/') mounted
[2022.04.05-14.41.25:118][  0]LogShaderLibrary: Display: ShaderCodeLibraryPakFileMountedCallback: pending pak file info (ChunkID:-1 Root:root:/ File:D:/unreal/UE_4.27/FeaturePacks/TP_VehicleAdvBP.upack)
[2022.04.05-14.41.25:118][  0]LogPakFile: OnPakFileMounted2Time == 0.000043
[2022.04.05-14.41.25:123][  0]LogPakFile: PakFile PrimaryIndexSize=185
[2022.04.05-14.41.25:123][  0]LogPakFile: PakFile PathHashIndexSize=101
[2022.04.05-14.41.25:123][  0]LogPakFile: PakFile FullDirectoryIndexSize=144
[2022.04.05-14.41.25:123][  0]LogShaderLibrary: Display: ShaderCodeLibraryPakFileMountedCallback: PakFile 'D:/unreal/UE_4.27/FeaturePacks/TP_VehicleBP.upack' (chunk index -1, root 'root:/') mounted
[2022.04.05-14.41.25:123][  0]LogShaderLibrary: Display: ShaderCodeLibraryPakFileMountedCallback: pending pak file info (ChunkID:-1 Root:root:/ File:D:/unreal/UE_4.27/FeaturePacks/TP_VehicleBP.upack)
[2022.04.05-14.41.25:123][  0]LogPakFile: OnPakFileMounted2Time == 0.000065
[2022.04.05-14.41.25:128][  0]LogPakFile: PakFile PrimaryIndexSize=192
[2022.04.05-14.41.25:128][  0]LogPakFile: PakFile PathHashIndexSize=101
[2022.04.05-14.41.25:128][  0]LogPakFile: PakFile FullDirectoryIndexSize=158
[2022.04.05-14.41.25:128][  0]LogShaderLibrary: Display: ShaderCodeLibraryPakFileMountedCallback: PakFile 'D:/unreal/UE_4.27/FeaturePacks/TP_VirtualRealityBP.upack' (chunk index -1, root 'root:/') mounted
[2022.04.05-14.41.25:128][  0]LogShaderLibrary: Display: ShaderCodeLibraryPakFileMountedCallback: pending pak file info (ChunkID:-1 Root:root:/ File:D:/unreal/UE_4.27/FeaturePacks/TP_VirtualRealityBP.upack)
[2022.04.05-14.41.25:128][  0]LogPakFile: OnPakFileMounted2Time == 0.000034
[2022.04.05-14.41.25:939][  0]LogNativeClassHierarchy: Verbose: Native class hierarchy updated for 'AddContentDialog' in 0.0004 seconds. Added 0 classes and 0 folders.
[2022.04.05-14.41.26:054][  0]LogNativeClassHierarchy: Verbose: Native class hierarchy updated for 'SceneOutliner' in 0.0005 seconds. Added 2 classes and 0 folders.
[2022.04.05-14.41.27:469][  0]LogSlate: Took 0.000400 seconds to synchronously load lazily loaded font '../../../Engine/Content/Slate/Fonts/Roboto-Regular.ttf' (155K)
[2022.04.05-14.41.27:502][  0]LogSlate: Took 0.019312 seconds to synchronously load lazily loaded font '../../../Engine/Content/Editor/Slate/Fonts/FontAwesome.ttf' (139K)
[2022.04.05-14.41.27:526][  0]LogSlate: Took 0.000200 seconds to synchronously load lazily loaded font '../../../Engine/Content/Slate/Fonts/Roboto-Bold.ttf' (160K)
[2022.04.05-14.41.28:661][  0]LogRenderer: Reallocating scene render targets to support 1208x568 Format 10 NumSamples 1 (Frame:1).
[2022.04.05-14.41.30:104][  0]LogNativeClassHierarchy: Verbose: Native class hierarchy updated for 'HierarchicalLODOutliner' in 0.0003 seconds. Added 0 classes and 0 folders.
[2022.04.05-14.41.30:104][  0]LogLoad: (Engine Initialization) Total time: 17.98 seconds
[2022.04.05-14.41.30:104][  0]LogLoad: (Engine Initialization) Total Blueprint compile time: 0.00 seconds
[2022.04.05-14.41.30:200][  0]LogAssetRegistry: Asset discovery search completed in 15.0765 seconds
[2022.04.05-14.41.30:205][  0]LogCollectionManager: Fixed up redirectors for 0 collections in 0.000003 seconds (updated 0 objects)
[2022.04.05-14.41.30:208][  0]LogContentStreaming: Texture pool size now 1000 MB
[2022.04.05-14.41.30:723][  0]LogSlate: Took 0.132656 seconds to synchronously load lazily loaded font '../../../Engine/Content/Slate/Fonts/DroidSansMono.ttf' (77K)
[2022.04.05-14.41.31:156][  2]LogSlate: Took 0.000352 seconds to synchronously load lazily loaded font '../../../Engine/Content/Slate/Fonts/Roboto-Light.ttf' (167K)
